ls: edexOsgi/com.raytheon.edex.plugin.grib/src/com/raytheon/edex/plugin/grib/decoderpostprocessors/SREFProbPostProcessor.java: No such file or directory
ls: cave/com.raytheon.viz.aviation/src/com/raytheon/viz/aviation/utility/TafMessageData.java: No such file or directory
ls: cave/com.raytheon.viz.aviation/src/com/raytheon/viz/aviation/utility/TafTransmissionJob.java: No such file or directory
ls: cave/com.raytheon.viz.aviation/src/com/raytheon/viz/aviation/utility/TransmissionQueue.java: No such file or directory
ls: edexOsgi/com.raytheon.edex.plugin.gfe/src/com/raytheon/edex/plugin/gfe/isc/IscSendRecordPK.java: No such file or directory
ls: edexOsgi/com.raytheon.edex.plugin.grib/src/com/raytheon/edex/plugin/grib/decoderpostprocessors/TPCWindPostProcessor.java: No such file or directory
ls: edexOsgi/com.raytheon.edex.plugin.gfe/src/com/raytheon/edex/plugin/gfe/server/database/ClimoDatabase.java: No such file or directory
ls: edexOsgi/com.raytheon.edex.plugin.gfe/src/com/raytheon/edex/plugin/gfe/server/database/ClimoDatabaseManager.java: No such file or directory
ls: edexOsgi/com.raytheon.edex.plugin.gfe/src/com/raytheon/edex/plugin/gfe/server/database/HLSTopoDatabase.java: No such file or directory
ls: edexOsgi/com.raytheon.edex.plugin.gfe/src/com/raytheon/edex/plugin/gfe/server/database/HLSTopoDatabaseManager.java: No such file or directory
ls: edexOsgi/com.raytheon.uf.common.climo/.classpath: No such file or directory
ls: edexOsgi/com.raytheon.uf.common.climo/.project: No such file or directory
ls: edexOsgi/com.raytheon.uf.common.climo/.pydevproject: No such file or directory
ls: edexOsgi/com.raytheon.uf.common.climo/.settings/org.eclipse.jdt.core.prefs: No such file or directory
ls: edexOsgi/com.raytheon.uf.common.climo/META-INF/MANIFEST.MF: No such file or directory
ls: edexOsgi/com.raytheon.uf.common.climo/build.properties: No such file or directory
ls: edexOsgi/com.raytheon.uf.common.climo/com.raytheon.uf.common.climo.ecl: No such file or directory
ls: edexOsgi/com.raytheon.uf.common.climo/component-deploy.xml: No such file or directory
ls: edexOsgi/com.raytheon.uf.common.climo/src/com/raytheon/uf/common/climo/ClimoQuery.java: No such file or directory
ls: edexOsgi/com.raytheon.uf.common.climo/src/com/raytheon/uf/common/climo/IClimoQuery.java: No such file or directory
ls: edexOsgi/com.raytheon.uf.common.climo/src/com/raytheon/uf/common/climo/util/climoTohdf5.py: No such file or directory
ls: edexOsgi/com.raytheon.uf.common.hlstopo/.classpath: No such file or directory
ls: edexOsgi/com.raytheon.uf.common.hlstopo/.project: No such file or directory
ls: edexOsgi/com.raytheon.uf.common.hlstopo/.pydevproject: No such file or directory
ls: edexOsgi/com.raytheon.uf.common.hlstopo/.settings/org.eclipse.jdt.core.prefs: No such file or directory
ls: edexOsgi/com.raytheon.uf.common.hlstopo/META-INF/MANIFEST.MF: No such file or directory
ls: edexOsgi/com.raytheon.uf.common.hlstopo/build.properties: No such file or directory
ls: edexOsgi/com.raytheon.uf.common.hlstopo/com.raytheon.uf.common.hlstopo.ecl: No such file or directory
ls: edexOsgi/com.raytheon.uf.common.hlstopo/component-deploy.xml: No such file or directory
ls: edexOsgi/com.raytheon.uf.common.hlstopo/src/com/raytheon/uf/common/hlstopo/HLSTopoQuery.java: No such file or directory
ls: edexOsgi/com.raytheon.uf.common.hlstopo/src/com/raytheon/uf/common/hlstopo/util/hlsTopoTohdf5.py: No such file or directory
ls: edexOsgi/build.edex/tmp/includes/core.includes: No such file or directory
ls: edexOsgi/build.edex/tmp/includes/cots.includes: No such file or directory
ls: edexOsgi/build.edex/tmp/includes/plugins.includes: No such file or directory
