-rw-r--r-- 1 dmsys dmtool 11941 May 29 12:46 cave/build/static/common/cave/etc/gfe/userPython/procedures/PWS_Procedure.py
-rw-r--r-- 1 dmsys dmtool 10563 May 29 12:46 cave/build/static/common/cave/etc/menus/upperair/baseUSEastern.xml
-rw-r--r-- 1 dmsys dmtool 12156 May 29 12:46 cave/com.raytheon.uf.viz.d2d.nsharp/src/com/raytheon/uf/viz/d2d/nsharp/rsc/D2DNSharpResourceData.java
-rw-r--r-- 1 dmsys dmtool 3364 May 29 12:46 cave/com.raytheon.uf.viz.d2d.ui/localization/styleRules/d2dArrowStyleRules.xml
-rw-r--r-- 1 dmsys dmtool 13014 May 29 12:46 cave/com.raytheon.uf.viz.d2d.xy.adapters/src/com/raytheon/uf/viz/d2d/xy/adapters/crosssection/GribCSAdapter.java
-rw-r--r-- 1 dmsys dmtool 979 May 29 12:46 cave/com.raytheon.uf.viz.derivparam/localization/derivedParameters/definitions/Gust.xml
-rw-r--r-- 1 dmsys dmtool 94518 May 29 12:46 cave/com.raytheon.uf.viz.monitor.ffmp/src/com/raytheon/uf/viz/monitor/ffmp/FFMPMonitor.java
-rw-r--r-- 1 dmsys dmtool 71285 May 29 12:46 cave/com.raytheon.uf.viz.monitor.ffmp/src/com/raytheon/uf/viz/monitor/ffmp/ui/dialogs/FfmpBasinTableDlg.java
-rw-r--r-- 1 dmsys dmtool 7156 May 29 12:46 cave/com.raytheon.uf.viz.monitor.ffmp/src/com/raytheon/uf/viz/monitor/ffmp/ui/dialogs/FFMPTableCellData.java
-rw-r--r-- 1 dmsys dmtool 9851 May 29 12:44 cave/com.raytheon.uf.viz.monitor.ffmp/src/com/raytheon/uf/viz/monitor/ffmp/ui/rsc/FFMPColorUtils.java
-rw-r--r-- 1 dmsys dmtool 40157 May 29 12:46 cave/com.raytheon.uf.viz.monitor.ffmp/src/com/raytheon/uf/viz/monitor/ffmp/ui/rsc/FFMPDataGenerator.java
-rw-r--r-- 1 dmsys dmtool 18611 May 29 12:46 cave/com.raytheon.uf.viz.monitor.ffmp/src/com/raytheon/uf/viz/monitor/ffmp/ui/rsc/FFMPDataLoader.java
-rw-r--r-- 1 dmsys dmtool 147202 May 29 12:46 cave/com.raytheon.uf.viz.monitor.ffmp/src/com/raytheon/uf/viz/monitor/ffmp/ui/rsc/FFMPResource.java
-rw-r--r-- 1 dmsys dmtool 5594 May 29 12:46 cave/com.raytheon.uf.viz.monitor/src/com/raytheon/uf/viz/monitor/GenerateFSSObReport.java
-rw-r--r-- 1 dmsys dmtool 11500 May 29 12:46 cave/com.raytheon.uf.viz.monitor/src/com/raytheon/uf/viz/monitor/ObsMonitor.java
-rw-r--r-- 1 dmsys dmtool 7534 May 29 12:46 cave/com.raytheon.uf.viz.ui.menus/src/com/raytheon/uf/viz/ui/menus/widgets/tearoff/TearOffMenuListener.java
-rw-r--r-- 1 dmsys dmtool 3710 May 29 12:46 cave/com.raytheon.uf.viz.xy.crosssection/src/com/raytheon/uf/viz/xy/crosssection/adapter/AbstractCrossSectionAdapter.java
-rw-r--r-- 1 dmsys dmtool 8164 May 29 12:46 cave/com.raytheon.uf.viz.xy.crosssection/src/com/raytheon/uf/viz/xy/crosssection/CrossSectionRotation.java
-rw-r--r-- 1 dmsys dmtool 20603 May 29 12:46 cave/com.raytheon.uf.viz.xy.crosssection/src/com/raytheon/uf/viz/xy/crosssection/rsc/AbstractCrossSectionResource.java
-rw-r--r-- 1 dmsys dmtool 2303 May 29 12:46 cave/com.raytheon.viz.aviation/META-INF/MANIFEST.MF
-rwxr-xr-x 1 dmsys dmtool 24532 May 29 12:46 cave/com.raytheon.viz.aviation/src/com/raytheon/viz/aviation/editor/LoaderDialog.java
-rwxr-xr-x 1 dmsys dmtool 16243 May 29 12:46 cave/com.raytheon.viz.aviation/src/com/raytheon/viz/aviation/observer/SendDialog.java
-rwxr-xr-x 1 dmsys dmtool 24732 May 29 12:46 cave/com.raytheon.viz.aviation/src/com/raytheon/viz/aviation/utility/TransmissionQueueDlg.java
-rw-r--r-- 1 dmsys dmtool 4432 May 29 12:46 cave/com.raytheon.viz.aviation/src/com/raytheon/viz/aviation/utility/TransmissionViewerDlg.java
-rwxr-xr-x 1 dmsys dmtool 4544 May 29 12:46 cave/com.raytheon.viz.avnconfig/src/com/raytheon/viz/avnconfig/HelpUsageDlg.java
-rw-r--r-- 1 dmsys dmtool 1978 May 29 12:46 cave/com.raytheon.viz.avnfps.feature/feature.xml
-rw-r--r-- 1 dmsys dmtool 25679 May 29 12:46 cave/com.raytheon.viz.awipstools/src/com/raytheon/viz/awipstools/ui/layer/TimeOfArrivalLayer.java
-rw-r--r-- 1 dmsys dmtool 32074 May 29 12:46 cave/com.raytheon.viz.gfe/src/com/raytheon/viz/gfe/core/parm/DbParm.java
-rw-r--r-- 1 dmsys dmtool 4451 May 29 12:46 cave/com.raytheon.viz.gfe/src/com/raytheon/viz/gfe/ui/GFEEditAreaMenu.java
-rw-r--r-- 1 dmsys dmtool 5648 May 29 12:46 cave/com.raytheon.viz.hydro/src/com/raytheon/viz/hydro/util/SetTimeVals.java
-rw-r--r-- 1 dmsys dmtool 53515 May 29 12:46 cave/com.raytheon.viz.pointdata/src/com/raytheon/viz/pointdata/PlotModelFactory2.java
-rw-r--r-- 1 dmsys dmtool 10817 May 29 12:46 cave/com.raytheon.viz.texteditor/src/com/raytheon/viz/texteditor/alarmalert/dialogs/AlarmAlertBell.java
-rw-r--r-- 1 dmsys dmtool 23346 May 29 12:46 cave/com.raytheon.viz.texteditor/src/com/raytheon/viz/texteditor/alarmalert/dialogs/CurrentAlarmQueue.java
-rw-r--r-- 1 dmsys dmtool 2647 May 29 12:46 cave/com.raytheon.viz.texteditor/src/com/raytheon/viz/texteditor/alarmalert/util/FlashBellJob.java
-rwxr-xr-x 1 dmsys dmtool 23518 May 29 12:46 cave/com.raytheon.viz.textworkstation/src/com/raytheon/viz/textworkstation/TextWorkstationDlg.java
-rw-r--r-- 1 dmsys dmtool 13559 May 29 12:46 cave/com.raytheon.viz.ui.personalities.awips/src/com/raytheon/viz/ui/personalities/awips/AbstractCAVEComponent.java
-rw-r--r-- 1 dmsys dmtool 4481 May 29 12:46 cave/com.raytheon.viz.warngen/src/com/raytheon/viz/warngen/gis/AffectedAreas.java
-rw-r--r-- 1 dmsys dmtool 13264 May 29 12:46 cave/com.raytheon.viz.warngen/src/com/raytheon/viz/warngen/gis/GisUtil.java
-rw-r--r-- 1 dmsys dmtool 76621 May 29 12:46 cave/com.raytheon.viz.warngen/src/com/raytheon/viz/warngen/gui/WarngenDialog.java
-rw-r--r-- 1 dmsys dmtool 91414 May 29 12:46 cave/com.raytheon.viz.warngen/src/com/raytheon/viz/warngen/gui/WarngenLayer.java
-rw-r--r-- 1 dmsys dmtool 33725 May 29 12:46 cave/com.raytheon.viz.warngen/src/com/raytheon/viz/warngen/template/TemplateRunner.java
-rw-r--r-- 1 dmsys dmtool 21845 May 29 12:46 cave/com.raytheon.viz.warngen/src/com/raytheon/viz/warngen/util/CurrentWarnings.java
-rw-r--r-- 1 dmsys dmtool 13055 May 29 12:46 cave/com.raytheon.viz.warngen/src/com/raytheon/viz/warngen/util/FollowUpUtil.java
-rw-r--r-- 1 dmsys dmtool 30115 May 29 12:46 cave/com.raytheon.viz.warngen/src/com/raytheon/viz/warngen/util/WarningTextHandler.java
-rwxr-xr-x 1 dmsys dmtool 666 May 29 12:44 deltaScripts/12.5.1/drop_gfe_tables.sh
-rw-r--r-- 1 dmsys dmtool 1386 May 29 12:46 deltaScripts/12.6.1/edex/removeMonitorAreaFiles.sh
-rw-r--r-- 1 dmsys dmtool 8507 May 29 12:46 edexOsgi/build.edex/esb/data/utility/common_static/base/ffmp/FFMPSourceConfig.xml
-rw-r--r-- 1 dmsys dmtool 24695 May 29 12:46 edexOsgi/build.edex/esb/data/utility/common_static/base/warngen/arealFloodAdvisoryFollowup.vm
-rw-r--r-- 1 dmsys dmtool 31780 May 29 12:46 edexOsgi/build.edex/esb/data/utility/common_static/base/warngen/arealFloodAdvisoryFollowup_Zones.vm
-rw-r--r-- 1 dmsys dmtool 15479 May 29 12:46 edexOsgi/build.edex/esb/data/utility/common_static/base/warngen/arealFloodWarningFollowup.vm
-rw-r--r-- 1 dmsys dmtool 18575 May 29 12:46 edexOsgi/build.edex/esb/data/utility/common_static/base/warngen/arealFloodWarningFollowup_Zones.vm
-rw-r--r-- 1 dmsys dmtool 16928 May 29 12:46 edexOsgi/build.edex/esb/data/utility/common_static/base/warngen/extremeWindWarningFollowup.vm
-rw-r--r-- 1 dmsys dmtool 18785 May 29 12:46 edexOsgi/build.edex/esb/data/utility/common_static/base/warngen/flashFloodWarningFollowup.vm
-rw-r--r-- 1 dmsys dmtool 20341 May 29 12:46 edexOsgi/build.edex/esb/data/utility/common_static/base/warngen/flashFloodWarningFollowup_Zones.vm
-rw-r--r-- 1 dmsys dmtool 54800 May 29 12:46 edexOsgi/build.edex/esb/data/utility/common_static/base/warngen/impactSevereWeatherStatement.vm
-rw-r--r-- 1 dmsys dmtool 32294 May 29 12:46 edexOsgi/build.edex/esb/data/utility/common_static/base/warngen/nonConvectiveFlashFloodWarningFollowup.vm
-rw-r--r-- 1 dmsys dmtool 32344 May 29 12:46 edexOsgi/build.edex/esb/data/utility/common_static/base/warngen/nonConvectiveFlashFloodWarningFollowup_Zones.vm
-rw-r--r-- 1 dmsys dmtool 40565 May 29 12:46 edexOsgi/build.edex/esb/data/utility/common_static/base/warngen/severeWeatherStatement.vm
-rw-r--r-- 1 dmsys dmtool 57069 May 29 12:46 edexOsgi/build.edex/esb/data/utility/common_static/base/warngen/specialMarineWarningFollowup.vm
-rw-r--r-- 1 dmsys dmtool 20425 May 29 12:46 edexOsgi/build.edex/esb/data/utility/edex_static/base/config/gfe/doConfig.py
-rw-r--r-- 1 dmsys dmtool 86289 May 29 12:46 edexOsgi/build.edex/esb/data/utility/edex_static/base/config/gfe/serverConfig.py
-rw-r--r-- 1 dmsys dmtool 3656 May 29 12:46 edexOsgi/build.edex/rpm/component/edex/includes/edex-common-core/MANIFEST.MF
-rw-r--r-- 1 dmsys dmtool 4932 May 29 12:46 edexOsgi/build.edex/rpm/component/edex/includes/edex-dataplugins/MANIFEST.MF
-rw-r--r-- 1 dmsys dmtool 47632 May 29 12:46 edexOsgi/com.raytheon.edex.feature.uframe/feature.xml
-rw-r--r-- 1 dmsys dmtool 1495 May 29 12:46 edexOsgi/com.raytheon.edex.plugin.bufrmos/res/pointdata/bufrmosHPC.xml
-rw-r--r-- 1 dmsys dmtool 3172 May 29 12:46 edexOsgi/com.raytheon.edex.plugin.gfe/META-INF/MANIFEST.MF
-rw-r--r-- 1 dmsys dmtool 199 May 29 12:44 edexOsgi/com.raytheon.edex.plugin.gfe/META-INF/services/com.raytheon.uf.common.serialization.ISerializableObject
-rw-r--r-- 1 dmsys dmtool 25166 May 29 12:46 edexOsgi/com.raytheon.edex.plugin.gfe/src/com/raytheon/edex/plugin/gfe/config/GFESiteActivation.java
-rw-r--r-- 1 dmsys dmtool 24961 May 29 12:46 edexOsgi/com.raytheon.edex.plugin.gfe/src/com/raytheon/edex/plugin/gfe/config/IFPServerConfig.java
-rw-r--r-- 1 dmsys dmtool 2954 May 29 12:46 edexOsgi/com.raytheon.edex.plugin.gfe/src/com/raytheon/edex/plugin/gfe/config/SimpleServerConfig.java
-rw-r--r-- 1 dmsys dmtool 43000 May 29 12:46 edexOsgi/com.raytheon.edex.plugin.gfe/src/com/raytheon/edex/plugin/gfe/db/dao/GFEDao.java
-rw-r--r-- 1 dmsys dmtool 2682 May 29 12:44 edexOsgi/com.raytheon.edex.plugin.gfe/src/com/raytheon/edex/plugin/gfe/db/dao/IscSendRecordDao.java
-rw-r--r-- 1 dmsys dmtool 10338 May 29 12:44 edexOsgi/com.raytheon.edex.plugin.gfe/src/com/raytheon/edex/plugin/gfe/isc/IscSendJob.java
-rw-r--r-- 1 dmsys dmtool 26385 May 29 12:46 edexOsgi/com.raytheon.edex.plugin.gfe/src/com/raytheon/edex/plugin/gfe/isc/IscSendQueue.java
-rw-r--r-- 1 dmsys dmtool 7810 May 29 12:46 edexOsgi/com.raytheon.edex.plugin.gfe/src/com/raytheon/edex/plugin/gfe/isc/IscSendRecord.java
-rw-r--r-- 1 dmsys dmtool 8602 May 29 12:46 edexOsgi/com.raytheon.edex.plugin.gfe/src/com/raytheon/edex/plugin/gfe/isc/SendIscTransactions.java
-rw-r--r-- 1 dmsys dmtool 32578 May 29 12:46 edexOsgi/com.raytheon.edex.plugin.gfe/src/com/raytheon/edex/plugin/gfe/server/database/D2DGridDatabase.java
-rw-r--r-- 1 dmsys dmtool 7298 May 29 12:46 edexOsgi/com.raytheon.edex.plugin.gfe/src/com/raytheon/edex/plugin/gfe/server/database/D2DSatDatabase.java
-rw-r--r-- 1 dmsys dmtool 16827 May 29 12:46 edexOsgi/com.raytheon.edex.plugin.gfe/src/com/raytheon/edex/plugin/gfe/server/database/GridDatabase.java
-rw-r--r-- 1 dmsys dmtool 101743 May 29 12:46 edexOsgi/com.raytheon.edex.plugin.gfe/src/com/raytheon/edex/plugin/gfe/server/database/IFPGridDatabase.java
-rw-r--r-- 1 dmsys dmtool 6065 May 29 12:46 edexOsgi/com.raytheon.edex.plugin.gfe/src/com/raytheon/edex/plugin/gfe/server/database/NetCDFDatabaseManager.java
-rw-r--r-- 1 dmsys dmtool 27190 May 29 12:46 edexOsgi/com.raytheon.edex.plugin.gfe/src/com/raytheon/edex/plugin/gfe/server/database/NetCDFFile.java
-rw-r--r-- 1 dmsys dmtool 23998 May 29 12:46 edexOsgi/com.raytheon.edex.plugin.gfe/src/com/raytheon/edex/plugin/gfe/server/database/NetCDFGridDatabase.java
-rw-r--r-- 1 dmsys dmtool 14639 May 29 12:46 edexOsgi/com.raytheon.edex.plugin.gfe/src/com/raytheon/edex/plugin/gfe/server/database/NetCDFUtils.java
-rw-r--r-- 1 dmsys dmtool 10226 May 29 12:46 edexOsgi/com.raytheon.edex.plugin.gfe/src/com/raytheon/edex/plugin/gfe/server/database/TopoDatabase.java
-rw-r--r-- 1 dmsys dmtool 15058 May 29 12:46 edexOsgi/com.raytheon.edex.plugin.gfe/src/com/raytheon/edex/plugin/gfe/server/database/TopoDatabaseManager.java
-rw-r--r-- 1 dmsys dmtool 2645 May 29 12:46 edexOsgi/com.raytheon.edex.plugin.gfe/src/com/raytheon/edex/plugin/gfe/server/database/VGridDatabase.java
-rw-r--r-- 1 dmsys dmtool 52614 May 29 12:46 edexOsgi/com.raytheon.edex.plugin.gfe/src/com/raytheon/edex/plugin/gfe/server/GridParmManager.java
-rw-r--r-- 1 dmsys dmtool 8115 May 29 12:46 edexOsgi/com.raytheon.edex.plugin.gfe/src/com/raytheon/edex/plugin/gfe/server/handler/CommitGridsHandler.java
-rw-r--r-- 1 dmsys dmtool 5122 May 29 12:46 edexOsgi/com.raytheon.edex.plugin.gfe/src/com/raytheon/edex/plugin/gfe/server/handler/SaveGfeGridHandler.java
-rw-r--r-- 1 dmsys dmtool 50952 May 29 12:46 edexOsgi/com.raytheon.edex.plugin.grib/GribDecoder.py
-rw-r--r-- 1 dmsys dmtool 48232 May 29 12:46 edexOsgi/com.raytheon.edex.plugin.grib/src/com/raytheon/edex/plugin/grib/Grib1Decoder.java
-rw-r--r-- 1 dmsys dmtool 12908 May 29 12:46 edexOsgi/com.raytheon.edex.plugin.grib/src/com/raytheon/edex/util/grib/GribParamTranslator.java
-rw-r--r-- 1 dmsys dmtool 5036 May 29 12:46 edexOsgi/com.raytheon.edex.plugin.grib/utility/common_static/base/grid/parameterNameAlias.txt
-rw-r--r-- 1 dmsys dmtool 4884 May 29 12:46 edexOsgi/com.raytheon.edex.plugin.grib/utility/edex_static/base/grib/postProcessModels/postProcessedModels.txt
-rw-r--r-- 1 dmsys dmtool 51665 May 29 12:46 edexOsgi/com.raytheon.edex.plugin.obs/src/com/raytheon/edex/plugin/obs/metar/MetarDecoder.java
-rw-r--r-- 1 dmsys dmtool 29224 May 29 12:46 edexOsgi/com.raytheon.edex.plugin.redbook/utility/edex_static/base/redbook/redbookFcstMap.xml
-rw-r--r-- 1 dmsys dmtool 136643 May 29 12:46 edexOsgi/com.raytheon.edex.plugin.shef/src/com/raytheon/edex/plugin/shef/database/PostShef.java
-rw-r--r-- 1 dmsys dmtool 64776 May 29 12:46 edexOsgi/com.raytheon.edex.plugin.shef/src/com/raytheon/edex/plugin/shef/database/PostTables.java
-rw-r--r-- 1 dmsys dmtool 11689 May 29 12:46 edexOsgi/com.raytheon.edex.plugin.shef/src/com/raytheon/edex/plugin/shef/database/PurgeText.java
-rw-r--r-- 1 dmsys dmtool 9430 May 29 12:46 edexOsgi/com.raytheon.edex.plugin.shef/src/com/raytheon/edex/plugin/shef/ShefDecoder.java
-rw-r--r-- 1 dmsys dmtool 55309 May 29 12:46 edexOsgi/com.raytheon.edex.plugin.shef/src/com/raytheon/edex/plugin/shef/ShefSeparator.java
-rw-r--r-- 1 dmsys dmtool 76 May 29 12:46 edexOsgi/com.raytheon.edex.plugin.tafqueue/build.properties
-rw-r--r-- 1 dmsys dmtool 369 May 29 12:46 edexOsgi/com.raytheon.edex.plugin.tafqueue/.classpath
-rw-r--r-- 1 dmsys dmtool 376 May 29 12:46 edexOsgi/com.raytheon.edex.plugin.tafqueue/component-deploy.xml
-rw-r--r-- 1 dmsys dmtool 593 May 29 12:46 edexOsgi/com.raytheon.edex.plugin.tafqueue/META-INF/MANIFEST.MF
-rw-r--r-- 1 dmsys dmtool 666 May 29 12:46 edexOsgi/com.raytheon.edex.plugin.tafqueue/.project
-rw-r--r-- 1 dmsys dmtool 2731 May 29 12:46 edexOsgi/com.raytheon.edex.plugin.tafqueue/res/spring/tafqueue-request.xml
-rw-r--r-- 1 dmsys dmtool 387 May 29 12:46 edexOsgi/com.raytheon.edex.plugin.tafqueue/.settings/org.eclipse.jdt.core.prefs
-rw-r--r-- 1 dmsys dmtool 9203 May 29 12:46 edexOsgi/com.raytheon.edex.plugin.tafqueue/src/com/raytheon/edex/plugin/tafqueue/TafQueueDao.java
-rw-r--r-- 1 dmsys dmtool 7062 May 29 12:46 edexOsgi/com.raytheon.edex.plugin.tafqueue/src/com/raytheon/edex/plugin/tafqueue/TafQueueManager.java
-rw-r--r-- 1 dmsys dmtool 6620 May 29 12:46 edexOsgi/com.raytheon.edex.plugin.tafqueue/src/com/raytheon/edex/plugin/tafqueue/TafQueueRequestHandler.java
-rw-r--r-- 1 dmsys dmtool 24537 May 29 12:46 edexOsgi/com.raytheon.edex.plugin.warning/src/com/raytheon/edex/plugin/warning/gis/GeospatialDataGenerator.java
-rw-r--r-- 1 dmsys dmtool 14664 May 29 12:46 edexOsgi/com.raytheon.uf.common.dataplugin.ffmp/src/com/raytheon/uf/common/dataplugin/ffmp/FFMPDataContainer.java
-rw-r--r-- 1 dmsys dmtool 26923 May 29 12:46 edexOsgi/com.raytheon.uf.common.dataplugin.ffmp/src/com/raytheon/uf/common/dataplugin/ffmp/FFMPRecord.java
-rw-r--r-- 1 dmsys dmtool 41606 May 29 12:46 edexOsgi/com.raytheon.uf.common.dataplugin.ffmp/src/com/raytheon/uf/common/dataplugin/ffmp/FFMPUtils.java
-rw-r--r-- 1 dmsys dmtool 9394 May 29 12:46 edexOsgi/com.raytheon.uf.common.dataplugin.fssobs/src/com/raytheon/uf/common/dataplugin/fssobs/FSSObsRecordTransform.java
-rw-r--r-- 1 dmsys dmtool 16822 May 29 12:46 edexOsgi/com.raytheon.uf.common.dataplugin.gfe/src/com/raytheon/uf/common/dataplugin/gfe/config/ProjectionData.java
-rw-r--r-- 1 dmsys dmtool 15853 May 29 12:46 edexOsgi/com.raytheon.uf.common.dataplugin.gfe/src/com/raytheon/uf/common/dataplugin/gfe/db/objects/DatabaseID.java
-rw-r--r-- 1 dmsys dmtool 27466 May 29 12:46 edexOsgi/com.raytheon.uf.common.dataplugin.gfe/src/com/raytheon/uf/common/dataplugin/gfe/db/objects/GridLocation.java
-rw-r--r-- 1 dmsys dmtool 14460 May 29 12:44 edexOsgi/com.raytheon.uf.common.dataplugin.gfe/src/com/raytheon/uf/common/dataplugin/gfe/db/objects/ParmID.java
-rw-r--r-- 1 dmsys dmtool 22527 Mar 28 10:53 edexOsgi/com.raytheon.uf.common.dataplugin.gfe/src/com/raytheon/uf/common/dataplugin/gfe/RemapGrid.java
-rw-r--r-- 1 dmsys dmtool 2082 May 29 12:46 edexOsgi/com.raytheon.uf.common.dataplugin.warning/src/com/raytheon/uf/common/dataplugin/warning/gis/GeospatialDataSet.java
-rw-r--r-- 1 dmsys dmtool 12468 May 29 12:46 edexOsgi/com.raytheon.uf.common.dataplugin.warning/src/com/raytheon/uf/common/dataplugin/warning/gis/GeospatialFactory.java
-rw-r--r-- 1 dmsys dmtool 13470 May 29 12:46 edexOsgi/com.raytheon.uf.common.dataplugin.warning/src/com/raytheon/uf/common/dataplugin/warning/util/GeometryUtil.java
-rw-r--r-- 1 dmsys dmtool 17715 May 29 12:46 edexOsgi/com.raytheon.uf.common.monitor/src/com/raytheon/uf/common/monitor/MonitorAreaUtils.java
-rw-r--r-- 1 dmsys dmtool 61981 May 29 12:46 edexOsgi/com.raytheon.uf.common.monitor/src/com/raytheon/uf/common/monitor/scan/ScanUtils.java
-rw-r--r-- 1 dmsys dmtool 76 May 29 12:46 edexOsgi/com.raytheon.uf.common.tafqueue/build.properties
-rw-r--r-- 1 dmsys dmtool 369 May 29 12:46 edexOsgi/com.raytheon.uf.common.tafqueue/.classpath
-rw-r--r-- 1 dmsys dmtool 374 May 29 12:46 edexOsgi/com.raytheon.uf.common.tafqueue/component-deploy.xml
-rw-r--r-- 1 dmsys dmtool 457 May 29 12:46 edexOsgi/com.raytheon.uf.common.tafqueue/META-INF/MANIFEST.MF
-rw-r--r-- 1 dmsys dmtool 46 May 29 12:46 edexOsgi/com.raytheon.uf.common.tafqueue/META-INF/services/com.raytheon.uf.common.serialization.ISerializableObject
-rw-r--r-- 1 dmsys dmtool 664 May 29 12:46 edexOsgi/com.raytheon.uf.common.tafqueue/.project
-rw-r--r-- 1 dmsys dmtool 387 May 29 12:46 edexOsgi/com.raytheon.uf.common.tafqueue/.settings/org.eclipse.jdt.core.prefs
-rw-r--r-- 1 dmsys dmtool 2893 May 29 12:46 edexOsgi/com.raytheon.uf.common.tafqueue/src/com/raytheon/uf/common/tafqueue/ServerResponse.java
-rw-r--r-- 1 dmsys dmtool 7863 May 29 12:46 edexOsgi/com.raytheon.uf.common.tafqueue/src/com/raytheon/uf/common/tafqueue/TafQueueRecord.java
-rw-r--r-- 1 dmsys dmtool 3067 May 29 12:46 edexOsgi/com.raytheon.uf.common.tafqueue/src/com/raytheon/uf/common/tafqueue/TafQueueRequest.java
-rw-r--r-- 1 dmsys dmtool 65982 May 29 12:46 edexOsgi/com.raytheon.uf.edex.plugin.ffmp/src/com/raytheon/uf/edex/plugin/ffmp/common/FFMPProcessor.java
-rw-r--r-- 1 dmsys dmtool 36163 May 29 12:46 edexOsgi/com.raytheon.uf.edex.plugin.ffmp/src/com/raytheon/uf/edex/plugin/ffmp/common/FFTI.java
-rw-r--r-- 1 dmsys dmtool 13059 May 29 12:46 edexOsgi/com.raytheon.uf.edex.plugin.ffmp/src/com/raytheon/uf/edex/plugin/ffmp/common/FFTIProcessor.java
-rw-r--r-- 1 dmsys dmtool 47290 May 29 12:46 edexOsgi/com.raytheon.uf.edex.plugin.ffmp/src/com/raytheon/uf/edex/plugin/ffmp/FFMPGenerator.java
-rw-r--r-- 1 dmsys dmtool 17730 May 29 12:46 edexOsgi/com.raytheon.uf.edex.plugin.ffmp/src/com/raytheon/uf/edex/plugin/ffmp/FFMPURIFilter.java
-rw-r--r-- 1 dmsys dmtool 28752 May 29 12:46 edexOsgi/com.raytheon.uf.edex.plugin.fssobs/src/com/raytheon/uf/edex/plugin/fssobs/FSSObsDataTransform.java
-rw-r--r-- 1 dmsys dmtool 753 May 29 12:46 edexOsgi/com.raytheon.uf.edex.plugin.loctables/META-INF/MANIFEST.MF
-rw-r--r-- 1 dmsys dmtool 6276 May 29 12:46 edexOsgi/com.raytheon.uf.edex.plugin.loctables/src/com/raytheon/uf/edex/plugin/loctables/ingest/LocationTablesIngest.java
-rw-r--r-- 1 dmsys dmtool 6764 May 29 12:46 edexOsgi/com.raytheon.uf.edex.plugin.svrwx/src/com/raytheon/uf/edex/plugin/svrwx/decoder/InternalReport.java
-rw-r--r-- 1 dmsys dmtool 4700 Mar 28 10:53 edexOsgi/com.raytheon.uf.edex.plugin.svrwx/src/com/raytheon/uf/edex/plugin/svrwx/SvrWxDecoder.java
-rw-r--r-- 1 dmsys dmtool 10236386 May 29 12:46 localization/localization.OAX/utility/edex_static/site/OAX/shapefiles/FFMP/FFMP_aggr_basins.dbf
-rw-r--r-- 1 dmsys dmtool 158422908 May 29 12:46 localization/localization.OAX/utility/edex_static/site/OAX/shapefiles/FFMP/FFMP_aggr_basins.shp
-rw-r--r-- 1 dmsys dmtool 174692 May 29 12:46 localization/localization.OAX/utility/edex_static/site/OAX/shapefiles/FFMP/FFMP_aggr_basins.shx
-rw-r--r-- 1 dmsys dmtool 12266478 May 29 12:46 localization/localization.OAX/utility/edex_static/site/OAX/shapefiles/FFMP/FFMP_ref_sl.dbf
-rw-r--r-- 1 dmsys dmtool 45664632 May 29 12:46 localization/localization.OAX/utility/edex_static/site/OAX/shapefiles/FFMP/FFMP_ref_sl.shp
-rw-r--r-- 1 dmsys dmtool 226196 May 29 12:46 localization/localization.OAX/utility/edex_static/site/OAX/shapefiles/FFMP/FFMP_ref_sl.shx
-rw-r--r-- 1 dmsys dmtool 6349 May 29 12:46 pythonPackages/ufpy/NotificationMessage.py
-rwxr-xr-x 1 dmsys dmtool 6751 May 29 12:46 rpms/awips2.core/deploy.builder/build.sh
-rw-r--r-- 1 dmsys dmtool 5535 May 29 12:46 rpms/awips2.core/Installer.localization/component.spec
-rw-r--r-- 1 dmsys dmtool 8306 May 29 12:46 rpms/build/release/buildCoreRPMs.sh
