-rw-r--r-- 1 dmsys dmtool 19566 Jun  6 09:19 cave/com.raytheon.uf.viz.monitor.ffmp/src/com/raytheon/uf/viz/monitor/ffmp/ui/rsc/FFMPDataLoader.java
-rw-r--r-- 1 dmsys dmtool 4833 Jun  6 09:19 edexOsgi/com.raytheon.uf.common.dataplugin.ffmp/src/com/raytheon/uf/common/dataplugin/ffmp/FFMPCacheRecord.java
ls: edexOsgi/com.raytheon.edex.plugin.grib/src/com/raytheon/edex/plugin/grib/util/DataFieldTableLookup.java: No such file or directory
ls: edexOsgi/com.raytheon.edex.plugin.grib/utility/edex_static/base/grib/dataFieldTable.txt: No such file or directory
-r--r--r-- 1 dmsys dmtool 1045 Sep 29  2011 cave/com.raytheon.uf.viz.derivparam/localization/derivedParameters/definitions/TPCSG.xml
-r--r--r-- 1 dmsys dmtool 1160 Sep 29  2011 cave/com.raytheon.uf.viz.derivparam/localization/derivedParameters/definitions/TPCSG518E2.xml
-r--r--r-- 1 dmsys dmtool 1160 Sep 29  2011 cave/com.raytheon.uf.viz.derivparam/localization/derivedParameters/definitions/TPCSG549E2.xml
-r--r--r-- 1 dmsys dmtool 1160 Sep 29  2011 cave/com.raytheon.uf.viz.derivparam/localization/derivedParameters/definitions/TPCSG579E2.xml
-r--r--r-- 1 dmsys dmtool 1158 Sep  8  2011 cave/com.raytheon.uf.viz.derivparam/localization/derivedParameters/definitions/TPCSG_122E2.xml
-r--r--r-- 1 dmsys dmtool 1158 Sep  8  2011 cave/com.raytheon.uf.viz.derivparam/localization/derivedParameters/definitions/TPCSG_152E2.xml
-r--r--r-- 1 dmsys dmtool 1158 Sep  8  2011 cave/com.raytheon.uf.viz.derivparam/localization/derivedParameters/definitions/TPCSG_183E2.xml
-r--r--r-- 1 dmsys dmtool 1047 Sep 29  2011 cave/com.raytheon.uf.viz.derivparam/localization/derivedParameters/definitions/TPCSG_20.xml
-r--r--r-- 1 dmsys dmtool 1158 Sep  8  2011 cave/com.raytheon.uf.viz.derivparam/localization/derivedParameters/definitions/TPCSG_213E2.xml
-r--r--r-- 1 dmsys dmtool 1158 Sep  8  2011 cave/com.raytheon.uf.viz.derivparam/localization/derivedParameters/definitions/TPCSG_244E2.xml
-r--r--r-- 1 dmsys dmtool 1159 Sep  8  2011 cave/com.raytheon.uf.viz.derivparam/localization/derivedParameters/definitions/TPCSG_274E2.xml
-r--r--r-- 1 dmsys dmtool 1047 Sep 29  2011 cave/com.raytheon.uf.viz.derivparam/localization/derivedParameters/definitions/TPCSG_30.xml
-r--r--r-- 1 dmsys dmtool 1160 Sep  8  2011 cave/com.raytheon.uf.viz.derivparam/localization/derivedParameters/definitions/TPCSG_305E2.xml
-r--r--r-- 1 dmsys dmtool 1160 Sep 29  2011 cave/com.raytheon.uf.viz.derivparam/localization/derivedParameters/definitions/TPCSG_335E2.xml
-r--r--r-- 1 dmsys dmtool 1160 Sep 29  2011 cave/com.raytheon.uf.viz.derivparam/localization/derivedParameters/definitions/TPCSG_366E2.xml
-r--r--r-- 1 dmsys dmtool 1160 Sep 29  2011 cave/com.raytheon.uf.viz.derivparam/localization/derivedParameters/definitions/TPCSG_396E2.xml
-r--r--r-- 1 dmsys dmtool 1047 Sep 29  2011 cave/com.raytheon.uf.viz.derivparam/localization/derivedParameters/definitions/TPCSG_40.xml
-r--r--r-- 1 dmsys dmtool 1160 Sep 29  2011 cave/com.raytheon.uf.viz.derivparam/localization/derivedParameters/definitions/TPCSG_427E2.xml
-r--r--r-- 1 dmsys dmtool 1160 Sep 29  2011 cave/com.raytheon.uf.viz.derivparam/localization/derivedParameters/definitions/TPCSG_457E2.xml
-r--r--r-- 1 dmsys dmtool 1160 Sep 29  2011 cave/com.raytheon.uf.viz.derivparam/localization/derivedParameters/definitions/TPCSG_488E2.xml
-r--r--r-- 1 dmsys dmtool 1047 Sep 29  2011 cave/com.raytheon.uf.viz.derivparam/localization/derivedParameters/definitions/TPCSG_50.xml
-r--r--r-- 1 dmsys dmtool 1047 Sep 29  2011 cave/com.raytheon.uf.viz.derivparam/localization/derivedParameters/definitions/TPCSG_60.xml
-r--r--r-- 1 dmsys dmtool 1160 Sep 29  2011 cave/com.raytheon.uf.viz.derivparam/localization/derivedParameters/definitions/TPCSG_610E2.xml
-r--r--r-- 1 dmsys dmtool 1159 Sep  8  2011 cave/com.raytheon.uf.viz.derivparam/localization/derivedParameters/definitions/TPCSG_61E2.xml
-r--r--r-- 1 dmsys dmtool 1160 Sep 29  2011 cave/com.raytheon.uf.viz.derivparam/localization/derivedParameters/definitions/TPCSG_640E2.xml
-r--r--r-- 1 dmsys dmtool 1160 Sep 29  2011 cave/com.raytheon.uf.viz.derivparam/localization/derivedParameters/definitions/TPCSG_671E2.xml
-r--r--r-- 1 dmsys dmtool 1047 Sep 29  2011 cave/com.raytheon.uf.viz.derivparam/localization/derivedParameters/definitions/TPCSG_70.xml
-r--r--r-- 1 dmsys dmtool 1160 Sep 29  2011 cave/com.raytheon.uf.viz.derivparam/localization/derivedParameters/definitions/TPCSG_701E2.xml
-r--r--r-- 1 dmsys dmtool 1160 Sep 29  2011 cave/com.raytheon.uf.viz.derivparam/localization/derivedParameters/definitions/TPCSG_732E2.xml
-r--r--r-- 1 dmsys dmtool 1160 Sep 29  2011 cave/com.raytheon.uf.viz.derivparam/localization/derivedParameters/definitions/TPCSG_762E2.xml
-r--r--r-- 1 dmsys dmtool 1047 Sep 29  2011 cave/com.raytheon.uf.viz.derivparam/localization/derivedParameters/definitions/TPCSG_80.xml
-r--r--r-- 1 dmsys dmtool 1047 Sep 29  2011 cave/com.raytheon.uf.viz.derivparam/localization/derivedParameters/definitions/TPCSG_90.xml
-r--r--r-- 1 dmsys dmtool 1157 Sep  8  2011 cave/com.raytheon.uf.viz.derivparam/localization/derivedParameters/definitions/TPCSG_91E2.xml
-r--r--r-- 1 dmsys dmtool 52076 Dec  5  2011 cave/com.raytheon.viz.volumebrowser/localization/menus/xml/fieldsMenus.xml
-rw-r--r-- 1 dmsys dmtool 85030 May 30 18:06 edexOsgi/build.edex/esb/data/utility/edex_static/base/config/gfe/serverConfig.py
-rw-r--r-- 1 dmsys dmtool 14894 May 10 11:41 edexOsgi/com.raytheon.edex.plugin.gfe/src/com/raytheon/edex/plugin/gfe/cache/d2dparms/D2DParmIdCache.java
-rw-r--r-- 1 dmsys dmtool 43000 May 29 12:46 edexOsgi/com.raytheon.edex.plugin.gfe/src/com/raytheon/edex/plugin/gfe/db/dao/GFEDao.java
-rw-r--r-- 1 dmsys dmtool 50952 May 29 12:46 edexOsgi/com.raytheon.edex.plugin.grib/GribDecoder.py
-rw-r--r-- 1 dmsys dmtool 12908 May 29 12:46 edexOsgi/com.raytheon.edex.plugin.grib/src/com/raytheon/edex/util/grib/GribParamTranslator.java
-r--r--r-- 1 dmsys dmtool 6742 Sep 29  2011 edexOsgi/com.raytheon.edex.plugin.grib/utility/common_static/base/grid/master_grib2_lookup.txt
-r--r--r-- 1 dmsys dmtool 6428 Oct 26  2011 edexOsgi/com.raytheon.edex.plugin.grib/utility/edex_static/base/grib/parameterInfo/TPCSurgeProb.xml
-rw-r--r-- 1 dmsys dmtool 4884 May 29 12:46 edexOsgi/com.raytheon.edex.plugin.grib/utility/edex_static/base/grib/postProcessModels/postProcessedModels.txt
-r--r--r-- 1 dmsys dmtool 1361 Dec  6  2011 edexOsgi/com.raytheon.edex.plugin.grib/utility/edex_static/base/grib/tables/7/14/4.2.10.3.table
-r--r--r-- 1 dmsys dmtool 104597 Jan 17 18:48 cave/build/static/common/cave/etc/gfe/userPython/utilities/SmartScript.py
