-rw-r--r-- 1 dmsys dmtool 19566 Jun  7 18:06 cave/com.raytheon.uf.viz.monitor.ffmp/src/com/raytheon/uf/viz/monitor/ffmp/ui/rsc/FFMPDataLoader.java
-rw-r--r-- 1 dmsys dmtool 4833 Jun  7 18:06 edexOsgi/com.raytheon.uf.common.dataplugin.ffmp/src/com/raytheon/uf/common/dataplugin/ffmp/FFMPCacheRecord.java
-rw-r--r-- 1 dmsys dmtool 4479 Jun  7 18:06 edexOsgi/com.raytheon.edex.plugin.grib/src/com/raytheon/edex/plugin/grib/util/DataFieldTableLookup.java
-rw-r--r-- 1 dmsys dmtool 22530 Jun  7 18:06 edexOsgi/com.raytheon.edex.plugin.grib/utility/edex_static/base/grib/dataFieldTable.txt
-rw-r--r-- 1 dmsys dmtool 1168 Jun  7 18:06 cave/com.raytheon.uf.viz.derivparam/localization/derivedParameters/definitions/TPCSG.xml
-rw-r--r-- 1 dmsys dmtool 1160 Jun  7 18:06 cave/com.raytheon.uf.viz.derivparam/localization/derivedParameters/definitions/TPCSG518E2.xml
-rw-r--r-- 1 dmsys dmtool 1160 Jun  7 18:06 cave/com.raytheon.uf.viz.derivparam/localization/derivedParameters/definitions/TPCSG549E2.xml
-rw-r--r-- 1 dmsys dmtool 1160 Jun  7 18:06 cave/com.raytheon.uf.viz.derivparam/localization/derivedParameters/definitions/TPCSG579E2.xml
-rw-r--r-- 1 dmsys dmtool 1158 Jun  7 18:06 cave/com.raytheon.uf.viz.derivparam/localization/derivedParameters/definitions/TPCSG_122E2.xml
-rw-r--r-- 1 dmsys dmtool 1158 Jun  7 18:06 cave/com.raytheon.uf.viz.derivparam/localization/derivedParameters/definitions/TPCSG_152E2.xml
-rw-r--r-- 1 dmsys dmtool 1158 Jun  7 18:06 cave/com.raytheon.uf.viz.derivparam/localization/derivedParameters/definitions/TPCSG_183E2.xml
-rw-r--r-- 1 dmsys dmtool 1171 Jun  7 18:06 cave/com.raytheon.uf.viz.derivparam/localization/derivedParameters/definitions/TPCSG_20.xml
-rw-r--r-- 1 dmsys dmtool 1158 Jun  7 18:06 cave/com.raytheon.uf.viz.derivparam/localization/derivedParameters/definitions/TPCSG_213E2.xml
-rw-r--r-- 1 dmsys dmtool 1158 Jun  7 18:06 cave/com.raytheon.uf.viz.derivparam/localization/derivedParameters/definitions/TPCSG_244E2.xml
-rw-r--r-- 1 dmsys dmtool 1159 Jun  7 18:06 cave/com.raytheon.uf.viz.derivparam/localization/derivedParameters/definitions/TPCSG_274E2.xml
-rw-r--r-- 1 dmsys dmtool 1171 Jun  7 18:06 cave/com.raytheon.uf.viz.derivparam/localization/derivedParameters/definitions/TPCSG_30.xml
-rw-r--r-- 1 dmsys dmtool 1160 Jun  7 18:06 cave/com.raytheon.uf.viz.derivparam/localization/derivedParameters/definitions/TPCSG_305E2.xml
-rw-r--r-- 1 dmsys dmtool 1160 Jun  7 18:06 cave/com.raytheon.uf.viz.derivparam/localization/derivedParameters/definitions/TPCSG_335E2.xml
-rw-r--r-- 1 dmsys dmtool 1160 Jun  7 18:06 cave/com.raytheon.uf.viz.derivparam/localization/derivedParameters/definitions/TPCSG_366E2.xml
-rw-r--r-- 1 dmsys dmtool 1160 Jun  7 18:06 cave/com.raytheon.uf.viz.derivparam/localization/derivedParameters/definitions/TPCSG_396E2.xml
-rw-r--r-- 1 dmsys dmtool 1171 Jun  7 18:06 cave/com.raytheon.uf.viz.derivparam/localization/derivedParameters/definitions/TPCSG_40.xml
-rw-r--r-- 1 dmsys dmtool 1160 Jun  7 18:06 cave/com.raytheon.uf.viz.derivparam/localization/derivedParameters/definitions/TPCSG_427E2.xml
-rw-r--r-- 1 dmsys dmtool 1160 Jun  7 18:06 cave/com.raytheon.uf.viz.derivparam/localization/derivedParameters/definitions/TPCSG_457E2.xml
-rw-r--r-- 1 dmsys dmtool 1160 Jun  7 18:06 cave/com.raytheon.uf.viz.derivparam/localization/derivedParameters/definitions/TPCSG_488E2.xml
-rw-r--r-- 1 dmsys dmtool 1171 Jun  7 18:06 cave/com.raytheon.uf.viz.derivparam/localization/derivedParameters/definitions/TPCSG_50.xml
-rw-r--r-- 1 dmsys dmtool 1171 Jun  7 18:06 cave/com.raytheon.uf.viz.derivparam/localization/derivedParameters/definitions/TPCSG_60.xml
-rw-r--r-- 1 dmsys dmtool 1160 Jun  7 18:06 cave/com.raytheon.uf.viz.derivparam/localization/derivedParameters/definitions/TPCSG_610E2.xml
-rw-r--r-- 1 dmsys dmtool 1159 Jun  7 18:06 cave/com.raytheon.uf.viz.derivparam/localization/derivedParameters/definitions/TPCSG_61E2.xml
-rw-r--r-- 1 dmsys dmtool 1160 Jun  7 18:06 cave/com.raytheon.uf.viz.derivparam/localization/derivedParameters/definitions/TPCSG_640E2.xml
-rw-r--r-- 1 dmsys dmtool 1160 Jun  7 18:06 cave/com.raytheon.uf.viz.derivparam/localization/derivedParameters/definitions/TPCSG_671E2.xml
-rw-r--r-- 1 dmsys dmtool 1171 Jun  7 18:06 cave/com.raytheon.uf.viz.derivparam/localization/derivedParameters/definitions/TPCSG_70.xml
-rw-r--r-- 1 dmsys dmtool 1160 Jun  7 18:06 cave/com.raytheon.uf.viz.derivparam/localization/derivedParameters/definitions/TPCSG_701E2.xml
-rw-r--r-- 1 dmsys dmtool 1160 Jun  7 18:06 cave/com.raytheon.uf.viz.derivparam/localization/derivedParameters/definitions/TPCSG_732E2.xml
-rw-r--r-- 1 dmsys dmtool 1160 Jun  7 18:06 cave/com.raytheon.uf.viz.derivparam/localization/derivedParameters/definitions/TPCSG_762E2.xml
-rw-r--r-- 1 dmsys dmtool 1171 Jun  7 18:06 cave/com.raytheon.uf.viz.derivparam/localization/derivedParameters/definitions/TPCSG_80.xml
-rw-r--r-- 1 dmsys dmtool 1171 Jun  7 18:06 cave/com.raytheon.uf.viz.derivparam/localization/derivedParameters/definitions/TPCSG_90.xml
-rw-r--r-- 1 dmsys dmtool 1157 Jun  7 18:06 cave/com.raytheon.uf.viz.derivparam/localization/derivedParameters/definitions/TPCSG_91E2.xml
-rw-r--r-- 1 dmsys dmtool 52076 Jun  7 18:06 cave/com.raytheon.viz.volumebrowser/localization/menus/xml/fieldsMenus.xml
-rw-r--r-- 1 dmsys dmtool 85066 Jun  7 18:06 edexOsgi/build.edex/esb/data/utility/edex_static/base/config/gfe/serverConfig.py
-rw-r--r-- 1 dmsys dmtool 15051 Jun  7 18:06 edexOsgi/com.raytheon.edex.plugin.gfe/src/com/raytheon/edex/plugin/gfe/cache/d2dparms/D2DParmIdCache.java
-rw-r--r-- 1 dmsys dmtool 43139 Jun  7 18:06 edexOsgi/com.raytheon.edex.plugin.gfe/src/com/raytheon/edex/plugin/gfe/db/dao/GFEDao.java
-rw-r--r-- 1 dmsys dmtool 50853 Jun  7 18:06 edexOsgi/com.raytheon.edex.plugin.grib/GribDecoder.py
-rw-r--r-- 1 dmsys dmtool 13164 Jun  7 18:06 edexOsgi/com.raytheon.edex.plugin.grib/src/com/raytheon/edex/util/grib/GribParamTranslator.java
-rw-r--r-- 1 dmsys dmtool 6174 Jun  7 18:06 edexOsgi/com.raytheon.edex.plugin.grib/utility/common_static/base/grid/master_grib2_lookup.txt
-rw-r--r-- 1 dmsys dmtool 10460 Jun  7 18:06 edexOsgi/com.raytheon.edex.plugin.grib/utility/edex_static/base/grib/parameterInfo/TPCSurgeProb.xml
-rw-r--r-- 1 dmsys dmtool 4772 Jun  7 18:06 edexOsgi/com.raytheon.edex.plugin.grib/utility/edex_static/base/grib/postProcessModels/postProcessedModels.txt
-rw-r--r-- 1 dmsys dmtool 1361 Mar 28 10:53 edexOsgi/com.raytheon.edex.plugin.grib/utility/edex_static/base/grib/tables/7/14/4.2.10.3.table
-rw-r--r-- 1 dmsys dmtool 104459 Jun  7 18:06 cave/build/static/common/cave/etc/gfe/userPython/utilities/SmartScript.py
