-r--r--r-- 1 dmsys dmtool 11927 Oct 31  2011 cave/build/static/common/cave/etc/gfe/userPython/procedures/PWS_Procedure.py
-r--r--r-- 1 dmsys dmtool 10563 May 22 10:49 cave/build/static/common/cave/etc/menus/upperair/baseUSEastern.xml
-rw-r--r-- 1 dmsys dmtool 12172 Apr 25 11:06 cave/com.raytheon.uf.viz.d2d.nsharp/src/com/raytheon/uf/viz/d2d/nsharp/rsc/D2DNSharpResourceData.java
-rw-r--r-- 1 dmsys dmtool 3333 Apr 25 11:06 cave/com.raytheon.uf.viz.d2d.ui/localization/styleRules/d2dArrowStyleRules.xml
-rw-r--r-- 1 dmsys dmtool 13406 May 10 11:41 cave/com.raytheon.uf.viz.d2d.xy.adapters/src/com/raytheon/uf/viz/d2d/xy/adapters/crosssection/GribCSAdapter.java
-r--r--r-- 1 dmsys dmtool 923 May 19  2011 cave/com.raytheon.uf.viz.derivparam/localization/derivedParameters/definitions/Gust.xml
-rw-r--r-- 1 dmsys dmtool 94518 May 17 14:24 cave/com.raytheon.uf.viz.monitor.ffmp/src/com/raytheon/uf/viz/monitor/ffmp/FFMPMonitor.java
-rw-r--r-- 1 dmsys dmtool 71285 May 17 14:24 cave/com.raytheon.uf.viz.monitor.ffmp/src/com/raytheon/uf/viz/monitor/ffmp/ui/dialogs/FfmpBasinTableDlg.java
-rw-r--r-- 1 dmsys dmtool 7156 May 17 14:24 cave/com.raytheon.uf.viz.monitor.ffmp/src/com/raytheon/uf/viz/monitor/ffmp/ui/dialogs/FFMPTableCellData.java
-r--r--r-- 1 dmsys dmtool 13128 May 22 10:41 cave/com.raytheon.uf.viz.monitor.ffmp/src/com/raytheon/uf/viz/monitor/ffmp/ui/rsc/FFMPColorUtils.java
-rw-r--r-- 1 dmsys dmtool 40157 May 17 14:24 cave/com.raytheon.uf.viz.monitor.ffmp/src/com/raytheon/uf/viz/monitor/ffmp/ui/rsc/FFMPDataGenerator.java
-rw-r--r-- 1 dmsys dmtool 18611 May 17 14:24 cave/com.raytheon.uf.viz.monitor.ffmp/src/com/raytheon/uf/viz/monitor/ffmp/ui/rsc/FFMPDataLoader.java
-rw-r--r-- 1 dmsys dmtool 147202 May 17 14:24 cave/com.raytheon.uf.viz.monitor.ffmp/src/com/raytheon/uf/viz/monitor/ffmp/ui/rsc/FFMPResource.java
-r--r--r-- 1 dmsys dmtool 4557 May 15 14:11 cave/com.raytheon.uf.viz.monitor/src/com/raytheon/uf/viz/monitor/GenerateFSSObReport.java
-r--r--r-- 1 dmsys dmtool 10059 May 15 14:08 cave/com.raytheon.uf.viz.monitor/src/com/raytheon/uf/viz/monitor/ObsMonitor.java
-r--r--r-- 1 dmsys dmtool 7610 Mar 14 14:12 cave/com.raytheon.uf.viz.ui.menus/src/com/raytheon/uf/viz/ui/menus/widgets/tearoff/TearOffMenuListener.java
-r--r--r-- 1 dmsys dmtool 3475 Apr 19  2011 cave/com.raytheon.uf.viz.xy.crosssection/src/com/raytheon/uf/viz/xy/crosssection/adapter/AbstractCrossSectionAdapter.java
-rw-r--r-- 1 dmsys dmtool 6915 May 10 11:41 cave/com.raytheon.uf.viz.xy.crosssection/src/com/raytheon/uf/viz/xy/crosssection/CrossSectionRotation.java
-r--r--r-- 1 dmsys dmtool 20540 Feb 27 14:10 cave/com.raytheon.uf.viz.xy.crosssection/src/com/raytheon/uf/viz/xy/crosssection/rsc/AbstractCrossSectionResource.java
-r--r--r-- 1 dmsys dmtool 2219 Apr 29  2011 cave/com.raytheon.viz.aviation/META-INF/MANIFEST.MF
-r-xr-xr-x 1 dmsys dmtool 24563 Oct 13  2011 cave/com.raytheon.viz.aviation/src/com/raytheon/viz/aviation/editor/LoaderDialog.java
-r-xr-xr-x 1 dmsys dmtool 15329 Dec  8 13:26 cave/com.raytheon.viz.aviation/src/com/raytheon/viz/aviation/observer/SendDialog.java
-r-xr-xr-x 1 dmsys dmtool 18879 Oct 13  2011 cave/com.raytheon.viz.aviation/src/com/raytheon/viz/aviation/utility/TransmissionQueueDlg.java
-r--r--r-- 1 dmsys dmtool 4328 Apr 29  2010 cave/com.raytheon.viz.aviation/src/com/raytheon/viz/aviation/utility/TransmissionViewerDlg.java
-r-xr-xr-x 1 dmsys dmtool 4544 Apr 29  2010 cave/com.raytheon.viz.avnconfig/src/com/raytheon/viz/avnconfig/HelpUsageDlg.java
-r--r--r-- 1 dmsys dmtool 1816 Apr 18  2011 cave/com.raytheon.viz.avnfps.feature/feature.xml
-r--r--r-- 1 dmsys dmtool 25634 Nov  8  2011 cave/com.raytheon.viz.awipstools/src/com/raytheon/viz/awipstools/ui/layer/TimeOfArrivalLayer.java
-r--r--r-- 1 dmsys dmtool 32074 May 14 09:15 cave/com.raytheon.viz.gfe/src/com/raytheon/viz/gfe/core/parm/DbParm.java
-r--r--r-- 1 dmsys dmtool 4437 Mar 14 14:12 cave/com.raytheon.viz.gfe/src/com/raytheon/viz/gfe/ui/GFEEditAreaMenu.java
-r--r--r-- 1 dmsys dmtool 5484 Aug 24  2011 cave/com.raytheon.viz.hydro/src/com/raytheon/viz/hydro/util/SetTimeVals.java
-rw-r--r-- 1 dmsys dmtool 53439 Apr 25 11:06 cave/com.raytheon.viz.pointdata/src/com/raytheon/viz/pointdata/PlotModelFactory2.java
-r--r--r-- 1 dmsys dmtool 9615 Mar 19 16:00 cave/com.raytheon.viz.texteditor/src/com/raytheon/viz/texteditor/alarmalert/dialogs/AlarmAlertBell.java
-r--r--r-- 1 dmsys dmtool 22716 Apr  6 11:44 cave/com.raytheon.viz.texteditor/src/com/raytheon/viz/texteditor/alarmalert/dialogs/CurrentAlarmQueue.java
ls: cave/com.raytheon.viz.texteditor/src/com/raytheon/viz/texteditor/alarmalert/util/FlashBellJob.java: No such file or directory
-r-xr-xr-x 1 dmsys dmtool 23561 Dec  8 17:48 cave/com.raytheon.viz.textworkstation/src/com/raytheon/viz/textworkstation/TextWorkstationDlg.java
-r--r--r-- 1 dmsys dmtool 13006 Nov 16  2011 cave/com.raytheon.viz.ui.personalities.awips/src/com/raytheon/viz/ui/personalities/awips/AbstractCAVEComponent.java
-r--r--r-- 1 dmsys dmtool 4021 Aug 15  2011 cave/com.raytheon.viz.warngen/src/com/raytheon/viz/warngen/gis/AffectedAreas.java
-r--r--r-- 1 dmsys dmtool 13153 May  9 09:07 cave/com.raytheon.viz.warngen/src/com/raytheon/viz/warngen/gis/GisUtil.java
-rw-r--r-- 1 dmsys dmtool 77253 May 10 11:41 cave/com.raytheon.viz.warngen/src/com/raytheon/viz/warngen/gui/WarngenDialog.java
-rw-r--r-- 1 dmsys dmtool 90612 May 10 11:41 cave/com.raytheon.viz.warngen/src/com/raytheon/viz/warngen/gui/WarngenLayer.java
-r--r--r-- 1 dmsys dmtool 32628 May 11 09:04 cave/com.raytheon.viz.warngen/src/com/raytheon/viz/warngen/template/TemplateRunner.java
-r--r--r-- 1 dmsys dmtool 22051 Nov  8  2011 cave/com.raytheon.viz.warngen/src/com/raytheon/viz/warngen/util/CurrentWarnings.java
-r--r--r-- 1 dmsys dmtool 9998 Oct 26  2011 cave/com.raytheon.viz.warngen/src/com/raytheon/viz/warngen/util/FollowUpUtil.java
-r--r--r-- 1 dmsys dmtool 30276 May 14 12:02 cave/com.raytheon.viz.warngen/src/com/raytheon/viz/warngen/util/WarningTextHandler.java
-rwxr-xr-x 1 dmsys dmtool 666 May 10 11:41 deltaScripts/12.5.1/drop_gfe_tables.sh
ls: deltaScripts/12.6.1/edex/removeMonitorAreaFiles.sh: No such file or directory
-r--r--r-- 1 dmsys dmtool 8130 Dec  6 14:36 edexOsgi/build.edex/esb/data/utility/common_static/base/ffmp/FFMPSourceConfig.xml
-r--r--r-- 1 dmsys dmtool 19056 Mar 16 10:57 edexOsgi/build.edex/esb/data/utility/common_static/base/warngen/arealFloodAdvisoryFollowup.vm
-r--r--r-- 1 dmsys dmtool 24062 Mar 16 10:57 edexOsgi/build.edex/esb/data/utility/common_static/base/warngen/arealFloodAdvisoryFollowup_Zones.vm
-r--r--r-- 1 dmsys dmtool 14484 May 11 12:06 edexOsgi/build.edex/esb/data/utility/common_static/base/warngen/arealFloodWarningFollowup.vm
-r--r--r-- 1 dmsys dmtool 17588 May 11 12:06 edexOsgi/build.edex/esb/data/utility/common_static/base/warngen/arealFloodWarningFollowup_Zones.vm
-r--r--r-- 1 dmsys dmtool 16764 May 11 12:08 edexOsgi/build.edex/esb/data/utility/common_static/base/warngen/extremeWindWarningFollowup.vm
-r--r--r-- 1 dmsys dmtool 17854 May 11 12:06 edexOsgi/build.edex/esb/data/utility/common_static/base/warngen/flashFloodWarningFollowup.vm
-r--r--r-- 1 dmsys dmtool 19416 May 11 12:06 edexOsgi/build.edex/esb/data/utility/common_static/base/warngen/flashFloodWarningFollowup_Zones.vm
-r--r--r-- 1 dmsys dmtool 53977 May 11 12:08 edexOsgi/build.edex/esb/data/utility/common_static/base/warngen/impactSevereWeatherStatement.vm
-r--r--r-- 1 dmsys dmtool 24913 May 11 12:06 edexOsgi/build.edex/esb/data/utility/common_static/base/warngen/nonConvectiveFlashFloodWarningFollowup.vm
-r--r--r-- 1 dmsys dmtool 24912 May 11 12:06 edexOsgi/build.edex/esb/data/utility/common_static/base/warngen/nonConvectiveFlashFloodWarningFollowup_Zones.vm
-r--r--r-- 1 dmsys dmtool 39742 May 11 12:06 edexOsgi/build.edex/esb/data/utility/common_static/base/warngen/severeWeatherStatement.vm
-rwxr-xr-x 1 dmsys dmtool 40418 May 22 16:33 edexOsgi/build.edex/esb/data/utility/common_static/base/warngen/specialMarineWarningFollowup.vm
-r--r--r-- 1 dmsys dmtool 19734 May  9 10:42 edexOsgi/build.edex/esb/data/utility/edex_static/base/config/gfe/doConfig.py
-r--r--r-- 1 dmsys dmtool 83468 May 22 11:39 edexOsgi/build.edex/esb/data/utility/edex_static/base/config/gfe/serverConfig.py
-r--r--r-- 1 dmsys dmtool 3599 Sep 19  2011 edexOsgi/build.edex/rpm/component/edex/includes/edex-common-core/MANIFEST.MF
-r--r--r-- 1 dmsys dmtool 4873 Feb 16 16:47 edexOsgi/build.edex/rpm/component/edex/includes/edex-dataplugins/MANIFEST.MF
-rw-r--r-- 1 dmsys dmtool 47627 May  8 13:04 edexOsgi/com.raytheon.edex.feature.uframe/feature.xml
-r--r--r-- 1 dmsys dmtool 1479 Jun  3  2011 edexOsgi/com.raytheon.edex.plugin.bufrmos/res/pointdata/bufrmosHPC.xml
-rw-r--r-- 1 dmsys dmtool 3248 Apr 25 11:06 edexOsgi/com.raytheon.edex.plugin.gfe/META-INF/MANIFEST.MF
-rw-r--r-- 1 dmsys dmtool 199 May 10 11:41 edexOsgi/com.raytheon.edex.plugin.gfe/META-INF/services/com.raytheon.uf.common.serialization.ISerializableObject
-rw-r--r-- 1 dmsys dmtool 24994 Apr 25 11:06 edexOsgi/com.raytheon.edex.plugin.gfe/src/com/raytheon/edex/plugin/gfe/config/GFESiteActivation.java
-r--r--r-- 1 dmsys dmtool 24793 Nov 16  2011 edexOsgi/com.raytheon.edex.plugin.gfe/src/com/raytheon/edex/plugin/gfe/config/IFPServerConfig.java
-r--r--r-- 1 dmsys dmtool 2910 Nov 16  2011 edexOsgi/com.raytheon.edex.plugin.gfe/src/com/raytheon/edex/plugin/gfe/config/SimpleServerConfig.java
-rw-r--r-- 1 dmsys dmtool 42738 May 10 11:41 edexOsgi/com.raytheon.edex.plugin.gfe/src/com/raytheon/edex/plugin/gfe/db/dao/GFEDao.java
-rw-r--r-- 1 dmsys dmtool 2682 May 10 11:41 edexOsgi/com.raytheon.edex.plugin.gfe/src/com/raytheon/edex/plugin/gfe/db/dao/IscSendRecordDao.java
-rw-r--r-- 1 dmsys dmtool 10338 May 10 11:41 edexOsgi/com.raytheon.edex.plugin.gfe/src/com/raytheon/edex/plugin/gfe/isc/IscSendJob.java
-rw-r--r-- 1 dmsys dmtool 25377 May 10 11:41 edexOsgi/com.raytheon.edex.plugin.gfe/src/com/raytheon/edex/plugin/gfe/isc/IscSendQueue.java
-rw-r--r-- 1 dmsys dmtool 8175 May 10 11:41 edexOsgi/com.raytheon.edex.plugin.gfe/src/com/raytheon/edex/plugin/gfe/isc/IscSendRecord.java
-rw-r--r-- 1 dmsys dmtool 8600 May 10 11:41 edexOsgi/com.raytheon.edex.plugin.gfe/src/com/raytheon/edex/plugin/gfe/isc/SendIscTransactions.java
-r--r--r-- 1 dmsys dmtool 31095 Mar  2 15:36 edexOsgi/com.raytheon.edex.plugin.gfe/src/com/raytheon/edex/plugin/gfe/server/database/D2DGridDatabase.java
-r--r--r-- 1 dmsys dmtool 7091 Sep 15  2011 edexOsgi/com.raytheon.edex.plugin.gfe/src/com/raytheon/edex/plugin/gfe/server/database/D2DSatDatabase.java
-r--r--r-- 1 dmsys dmtool 16754 Dec  6 18:29 edexOsgi/com.raytheon.edex.plugin.gfe/src/com/raytheon/edex/plugin/gfe/server/database/GridDatabase.java
-rw-r--r-- 1 dmsys dmtool 101666 May 10 11:41 edexOsgi/com.raytheon.edex.plugin.gfe/src/com/raytheon/edex/plugin/gfe/server/database/IFPGridDatabase.java
ls: edexOsgi/com.raytheon.edex.plugin.gfe/src/com/raytheon/edex/plugin/gfe/server/database/NetCDFDatabaseManager.java: No such file or directory
ls: edexOsgi/com.raytheon.edex.plugin.gfe/src/com/raytheon/edex/plugin/gfe/server/database/NetCDFFile.java: No such file or directory
ls: edexOsgi/com.raytheon.edex.plugin.gfe/src/com/raytheon/edex/plugin/gfe/server/database/NetCDFGridDatabase.java: No such file or directory
ls: edexOsgi/com.raytheon.edex.plugin.gfe/src/com/raytheon/edex/plugin/gfe/server/database/NetCDFUtils.java: No such file or directory
-rw-r--r-- 1 dmsys dmtool 13639 May 10 11:41 edexOsgi/com.raytheon.edex.plugin.gfe/src/com/raytheon/edex/plugin/gfe/server/database/TopoDatabase.java
-r--r--r-- 1 dmsys dmtool 2097 Nov  1  2011 edexOsgi/com.raytheon.edex.plugin.gfe/src/com/raytheon/edex/plugin/gfe/server/database/TopoDatabaseManager.java
-r--r--r-- 1 dmsys dmtool 1720 Aug 31  2011 edexOsgi/com.raytheon.edex.plugin.gfe/src/com/raytheon/edex/plugin/gfe/server/database/VGridDatabase.java
-r--r--r-- 1 dmsys dmtool 54068 Dec  8 12:22 edexOsgi/com.raytheon.edex.plugin.gfe/src/com/raytheon/edex/plugin/gfe/server/GridParmManager.java
-r--r--r-- 1 dmsys dmtool 8319 Oct 28  2011 edexOsgi/com.raytheon.edex.plugin.gfe/src/com/raytheon/edex/plugin/gfe/server/handler/CommitGridsHandler.java
-r--r--r-- 1 dmsys dmtool 4715 Nov 14  2011 edexOsgi/com.raytheon.edex.plugin.gfe/src/com/raytheon/edex/plugin/gfe/server/handler/SaveGfeGridHandler.java
-r--r--r-- 1 dmsys dmtool 50817 May 19  2011 edexOsgi/com.raytheon.edex.plugin.grib/GribDecoder.py
-rw-r--r-- 1 dmsys dmtool 48118 Apr 25 11:06 edexOsgi/com.raytheon.edex.plugin.grib/src/com/raytheon/edex/plugin/grib/Grib1Decoder.java
-r--r--r-- 1 dmsys dmtool 10110 Dec  8 12:38 edexOsgi/com.raytheon.edex.plugin.grib/src/com/raytheon/edex/util/grib/GribParamTranslator.java
ls: edexOsgi/com.raytheon.edex.plugin.grib/utility/common_static/base/grid/parameterNameAlias.txt: No such file or directory
-r--r--r-- 1 dmsys dmtool 5146 Jan 31 11:59 edexOsgi/com.raytheon.edex.plugin.grib/utility/edex_static/base/grib/postProcessModels/postProcessedModels.txt
-r--r--r-- 1 dmsys dmtool 51223 Oct 25  2011 edexOsgi/com.raytheon.edex.plugin.obs/src/com/raytheon/edex/plugin/obs/metar/MetarDecoder.java
-rw-r--r-- 1 dmsys dmtool 29099 May  7 10:47 edexOsgi/com.raytheon.edex.plugin.redbook/utility/edex_static/base/redbook/redbookFcstMap.xml
-rw-r--r-- 1 dmsys dmtool 135848 May 10 11:41 edexOsgi/com.raytheon.edex.plugin.shef/src/com/raytheon/edex/plugin/shef/database/PostShef.java
-r--r--r-- 1 dmsys dmtool 67226 Feb 28 14:18 edexOsgi/com.raytheon.edex.plugin.shef/src/com/raytheon/edex/plugin/shef/database/PostTables.java
-r--r--r-- 1 dmsys dmtool 11437 Sep  1  2011 edexOsgi/com.raytheon.edex.plugin.shef/src/com/raytheon/edex/plugin/shef/database/PurgeText.java
-r--r--r-- 1 dmsys dmtool 8641 Nov 23  2011 edexOsgi/com.raytheon.edex.plugin.shef/src/com/raytheon/edex/plugin/shef/ShefDecoder.java
-rw-r--r-- 1 dmsys dmtool 55034 Apr 25 11:06 edexOsgi/com.raytheon.edex.plugin.shef/src/com/raytheon/edex/plugin/shef/ShefSeparator.java
ls: edexOsgi/com.raytheon.edex.plugin.tafqueue/build.properties: No such file or directory
ls: edexOsgi/com.raytheon.edex.plugin.tafqueue/.classpath: No such file or directory
ls: edexOsgi/com.raytheon.edex.plugin.tafqueue/component-deploy.xml: No such file or directory
ls: edexOsgi/com.raytheon.edex.plugin.tafqueue/META-INF/MANIFEST.MF: No such file or directory
ls: edexOsgi/com.raytheon.edex.plugin.tafqueue/.project: No such file or directory
ls: edexOsgi/com.raytheon.edex.plugin.tafqueue/res/spring/tafqueue-request.xml: No such file or directory
ls: edexOsgi/com.raytheon.edex.plugin.tafqueue/.settings/org.eclipse.jdt.core.prefs: No such file or directory
ls: edexOsgi/com.raytheon.edex.plugin.tafqueue/src/com/raytheon/edex/plugin/tafqueue/TafQueueDao.java: No such file or directory
ls: edexOsgi/com.raytheon.edex.plugin.tafqueue/src/com/raytheon/edex/plugin/tafqueue/TafQueueManager.java: No such file or directory
ls: edexOsgi/com.raytheon.edex.plugin.tafqueue/src/com/raytheon/edex/plugin/tafqueue/TafQueueRequestHandler.java: No such file or directory
-rw-r--r-- 1 dmsys dmtool 24017 May  7 10:47 edexOsgi/com.raytheon.edex.plugin.warning/src/com/raytheon/edex/plugin/warning/gis/GeospatialDataGenerator.java
-rw-r--r-- 1 dmsys dmtool 14664 May 17 14:24 edexOsgi/com.raytheon.uf.common.dataplugin.ffmp/src/com/raytheon/uf/common/dataplugin/ffmp/FFMPDataContainer.java
-rw-r--r-- 1 dmsys dmtool 26923 May 17 14:24 edexOsgi/com.raytheon.uf.common.dataplugin.ffmp/src/com/raytheon/uf/common/dataplugin/ffmp/FFMPRecord.java
-r--r--r-- 1 dmsys dmtool 41605 Nov  7  2011 edexOsgi/com.raytheon.uf.common.dataplugin.ffmp/src/com/raytheon/uf/common/dataplugin/ffmp/FFMPUtils.java
-r--r--r-- 1 dmsys dmtool 9262 Sep 29  2011 edexOsgi/com.raytheon.uf.common.dataplugin.fssobs/src/com/raytheon/uf/common/dataplugin/fssobs/FSSObsRecordTransform.java
-r--r--r-- 1 dmsys dmtool 16367 Sep 19  2011 edexOsgi/com.raytheon.uf.common.dataplugin.gfe/src/com/raytheon/uf/common/dataplugin/gfe/config/ProjectionData.java
-rw-r--r-- 1 dmsys dmtool 15264 May 10 11:41 edexOsgi/com.raytheon.uf.common.dataplugin.gfe/src/com/raytheon/uf/common/dataplugin/gfe/db/objects/DatabaseID.java
-r--r--r-- 1 dmsys dmtool 26825 Nov  3  2011 edexOsgi/com.raytheon.uf.common.dataplugin.gfe/src/com/raytheon/uf/common/dataplugin/gfe/db/objects/GridLocation.java
-rw-r--r-- 1 dmsys dmtool 14460 May 10 11:41 edexOsgi/com.raytheon.uf.common.dataplugin.gfe/src/com/raytheon/uf/common/dataplugin/gfe/db/objects/ParmID.java
-r--r--r-- 1 dmsys dmtool 22527 Sep 26  2011 edexOsgi/com.raytheon.uf.common.dataplugin.gfe/src/com/raytheon/uf/common/dataplugin/gfe/RemapGrid.java
-r--r--r-- 1 dmsys dmtool 1823 Jul 22  2011 edexOsgi/com.raytheon.uf.common.dataplugin.warning/src/com/raytheon/uf/common/dataplugin/warning/gis/GeospatialDataSet.java
-rw-r--r-- 1 dmsys dmtool 12291 May  7 10:47 edexOsgi/com.raytheon.uf.common.dataplugin.warning/src/com/raytheon/uf/common/dataplugin/warning/gis/GeospatialFactory.java
-r--r--r-- 1 dmsys dmtool 12978 Nov  8  2011 edexOsgi/com.raytheon.uf.common.dataplugin.warning/src/com/raytheon/uf/common/dataplugin/warning/util/GeometryUtil.java
-r--r--r-- 1 dmsys dmtool 17721 Feb 28 10:44 edexOsgi/com.raytheon.uf.common.monitor/src/com/raytheon/uf/common/monitor/MonitorAreaUtils.java
-rw-r--r-- 1 dmsys dmtool 61981 May 17 14:24 edexOsgi/com.raytheon.uf.common.monitor/src/com/raytheon/uf/common/monitor/scan/ScanUtils.java
ls: edexOsgi/com.raytheon.uf.common.tafqueue/build.properties: No such file or directory
ls: edexOsgi/com.raytheon.uf.common.tafqueue/.classpath: No such file or directory
ls: edexOsgi/com.raytheon.uf.common.tafqueue/component-deploy.xml: No such file or directory
ls: edexOsgi/com.raytheon.uf.common.tafqueue/META-INF/MANIFEST.MF: No such file or directory
ls: edexOsgi/com.raytheon.uf.common.tafqueue/META-INF/services/com.raytheon.uf.common.serialization.ISerializableObject: No such file or directory
ls: edexOsgi/com.raytheon.uf.common.tafqueue/.project: No such file or directory
ls: edexOsgi/com.raytheon.uf.common.tafqueue/.settings/org.eclipse.jdt.core.prefs: No such file or directory
ls: edexOsgi/com.raytheon.uf.common.tafqueue/src/com/raytheon/uf/common/tafqueue/ServerResponse.java: No such file or directory
ls: edexOsgi/com.raytheon.uf.common.tafqueue/src/com/raytheon/uf/common/tafqueue/TafQueueRecord.java: No such file or directory
ls: edexOsgi/com.raytheon.uf.common.tafqueue/src/com/raytheon/uf/common/tafqueue/TafQueueRequest.java: No such file or directory
-rw-r--r-- 1 dmsys dmtool 65982 May 17 14:24 edexOsgi/com.raytheon.uf.edex.plugin.ffmp/src/com/raytheon/uf/edex/plugin/ffmp/common/FFMPProcessor.java
-rw-r--r-- 1 dmsys dmtool 36163 May 17 14:24 edexOsgi/com.raytheon.uf.edex.plugin.ffmp/src/com/raytheon/uf/edex/plugin/ffmp/common/FFTI.java
-r--r--r-- 1 dmsys dmtool 13916 Nov 29  2011 edexOsgi/com.raytheon.uf.edex.plugin.ffmp/src/com/raytheon/uf/edex/plugin/ffmp/common/FFTIProcessor.java
-r--r--r-- 1 dmsys dmtool 46973 Dec  6 14:36 edexOsgi/com.raytheon.uf.edex.plugin.ffmp/src/com/raytheon/uf/edex/plugin/ffmp/FFMPGenerator.java
-rw-r--r-- 1 dmsys dmtool 17730 May 17 14:24 edexOsgi/com.raytheon.uf.edex.plugin.ffmp/src/com/raytheon/uf/edex/plugin/ffmp/FFMPURIFilter.java
-r--r--r-- 1 dmsys dmtool 28519 Sep 29  2011 edexOsgi/com.raytheon.uf.edex.plugin.fssobs/src/com/raytheon/uf/edex/plugin/fssobs/FSSObsDataTransform.java
-r--r--r-- 1 dmsys dmtool 693 Sep 22  2011 edexOsgi/com.raytheon.uf.edex.plugin.loctables/META-INF/MANIFEST.MF
-r--r--r-- 1 dmsys dmtool 5167 Sep 30  2011 edexOsgi/com.raytheon.uf.edex.plugin.loctables/src/com/raytheon/uf/edex/plugin/loctables/ingest/LocationTablesIngest.java
-r--r--r-- 1 dmsys dmtool 6766 Mar  5  2010 edexOsgi/com.raytheon.uf.edex.plugin.svrwx/src/com/raytheon/uf/edex/plugin/svrwx/decoder/InternalReport.java
-r--r--r-- 1 dmsys dmtool 4700 Feb 15  2011 edexOsgi/com.raytheon.uf.edex.plugin.svrwx/src/com/raytheon/uf/edex/plugin/svrwx/SvrWxDecoder.java
ls: localization/localization.OAX/utility/edex_static/site/OAX/shapefiles/FFMP/FFMP_aggr_basins.dbf: No such file or directory
ls: localization/localization.OAX/utility/edex_static/site/OAX/shapefiles/FFMP/FFMP_aggr_basins.shp: No such file or directory
ls: localization/localization.OAX/utility/edex_static/site/OAX/shapefiles/FFMP/FFMP_aggr_basins.shx: No such file or directory
ls: localization/localization.OAX/utility/edex_static/site/OAX/shapefiles/FFMP/FFMP_ref_sl.dbf: No such file or directory
ls: localization/localization.OAX/utility/edex_static/site/OAX/shapefiles/FFMP/FFMP_ref_sl.shp: No such file or directory
ls: localization/localization.OAX/utility/edex_static/site/OAX/shapefiles/FFMP/FFMP_ref_sl.shx: No such file or directory
-r--r--r-- 1 dmsys dmtool 5600 Jun 28  2011 pythonPackages/ufpy/NotificationMessage.py
-r--r--r-- 1 dmsys dmtool 6641 Mar  9 07:19 rpms/awips2.core/deploy.builder/build.sh
-r--r--r-- 1 dmsys dmtool 1437 Aug  4  2011 rpms/awips2.core/Installer.localization/component.spec
-r--r--r-- 1 dmsys dmtool 8221 Feb 24 14:42 rpms/build/release/buildCoreRPMs.sh
