-r--r--r-- 1 dmsys dmtool 6289 Sep 19  2011 edexOsgi/com.raytheon.edex.plugin.grib/src/com/raytheon/edex/plugin/grib/decoderpostprocessors/SREFProbPostProcessor.java
-r--r--r-- 1 dmsys dmtool 3397 Mar  5  2010 cave/com.raytheon.viz.aviation/src/com/raytheon/viz/aviation/utility/TafMessageData.java
-r--r--r-- 1 dmsys dmtool 7196 Apr 18  2011 cave/com.raytheon.viz.aviation/src/com/raytheon/viz/aviation/utility/TafTransmissionJob.java
-r--r--r-- 1 dmsys dmtool 10156 Mar  5  2010 cave/com.raytheon.viz.aviation/src/com/raytheon/viz/aviation/utility/TransmissionQueue.java
ls: edexOsgi/com.raytheon.edex.plugin.gfe/src/com/raytheon/edex/plugin/gfe/isc/IscSendRecordPK.java: No such file or directory
-r--r--r-- 1 dmsys dmtool 2901 Apr 13  2011 edexOsgi/com.raytheon.edex.plugin.grib/src/com/raytheon/edex/plugin/grib/decoderpostprocessors/TPCWindPostProcessor.java
-rw-r--r-- 1 dmsys dmtool 17712 May 10 11:41 edexOsgi/com.raytheon.edex.plugin.gfe/src/com/raytheon/edex/plugin/gfe/server/database/ClimoDatabase.java
-r--r--r-- 1 dmsys dmtool 4184 Nov  1  2011 edexOsgi/com.raytheon.edex.plugin.gfe/src/com/raytheon/edex/plugin/gfe/server/database/ClimoDatabaseManager.java
-rw-r--r-- 1 dmsys dmtool 18035 May 10 11:41 edexOsgi/com.raytheon.edex.plugin.gfe/src/com/raytheon/edex/plugin/gfe/server/database/HLSTopoDatabase.java
-r--r--r-- 1 dmsys dmtool 4841 Nov  1  2011 edexOsgi/com.raytheon.edex.plugin.gfe/src/com/raytheon/edex/plugin/gfe/server/database/HLSTopoDatabaseManager.java
-r--r--r-- 1 dmsys dmtool 300 Jun  3  2010 edexOsgi/com.raytheon.uf.common.climo/.classpath
-r--r--r-- 1 dmsys dmtool 822 Aug 18  2010 edexOsgi/com.raytheon.uf.common.climo/.project
-r--r--r-- 1 dmsys dmtool 304 Oct 12  2010 edexOsgi/com.raytheon.uf.common.climo/.pydevproject
-r--r--r-- 1 dmsys dmtool 323 Jun  1  2010 edexOsgi/com.raytheon.uf.common.climo/.settings/org.eclipse.jdt.core.prefs
-r--r--r-- 1 dmsys dmtool 841 Dec 15  2010 edexOsgi/com.raytheon.uf.common.climo/META-INF/MANIFEST.MF
-r--r--r-- 1 dmsys dmtool 76 Jun  1  2010 edexOsgi/com.raytheon.uf.common.climo/build.properties
-r--r--r-- 1 dmsys dmtool 0 Dec 16 09:49 edexOsgi/com.raytheon.uf.common.climo/com.raytheon.uf.common.climo.ecl
-r--r--r-- 1 dmsys dmtool 371 Jun 18  2010 edexOsgi/com.raytheon.uf.common.climo/component-deploy.xml
-r--r--r-- 1 dmsys dmtool 11465 Jan 28  2011 edexOsgi/com.raytheon.uf.common.climo/src/com/raytheon/uf/common/climo/ClimoQuery.java
-r--r--r-- 1 dmsys dmtool 1466 Jan 28  2011 edexOsgi/com.raytheon.uf.common.climo/src/com/raytheon/uf/common/climo/IClimoQuery.java
-r--r--r-- 1 dmsys dmtool 6439 Jul 30  2010 edexOsgi/com.raytheon.uf.common.climo/src/com/raytheon/uf/common/climo/util/climoTohdf5.py
-r--r--r-- 1 dmsys dmtool 300 Mar 22  2011 edexOsgi/com.raytheon.uf.common.hlstopo/.classpath
-r--r--r-- 1 dmsys dmtool 824 Mar 25  2011 edexOsgi/com.raytheon.uf.common.hlstopo/.project
-r--r--r-- 1 dmsys dmtool 304 Mar 25  2011 edexOsgi/com.raytheon.uf.common.hlstopo/.pydevproject
-r--r--r-- 1 dmsys dmtool 387 Mar 22  2011 edexOsgi/com.raytheon.uf.common.hlstopo/.settings/org.eclipse.jdt.core.prefs
-r--r--r-- 1 dmsys dmtool 505 Mar 22  2011 edexOsgi/com.raytheon.uf.common.hlstopo/META-INF/MANIFEST.MF
-r--r--r-- 1 dmsys dmtool 57 Apr 19  2011 edexOsgi/com.raytheon.uf.common.hlstopo/build.properties
-r--r--r-- 1 dmsys dmtool 0 Dec 16 09:49 edexOsgi/com.raytheon.uf.common.hlstopo/com.raytheon.uf.common.hlstopo.ecl
-r--r--r-- 1 dmsys dmtool 373 Mar 22  2011 edexOsgi/com.raytheon.uf.common.hlstopo/component-deploy.xml
-r--r--r-- 1 dmsys dmtool 9698 Jul  8  2011 edexOsgi/com.raytheon.uf.common.hlstopo/src/com/raytheon/uf/common/hlstopo/HLSTopoQuery.java
-r--r--r-- 1 dmsys dmtool 6633 Mar 25  2011 edexOsgi/com.raytheon.uf.common.hlstopo/src/com/raytheon/uf/common/hlstopo/util/hlsTopoTohdf5.py
-rw-r--r-- 1 dmsys dmtool 4536 May 16 00:12 edexOsgi/build.edex/tmp/includes/core.includes
-rw-r--r-- 1 dmsys dmtool 1348 May 16 00:12 edexOsgi/build.edex/tmp/includes/cots.includes
-rw-r--r-- 1 dmsys dmtool 9115 May 16 00:12 edexOsgi/build.edex/tmp/includes/plugins.includes
