This file contains any messages produced by compilers while
running configure, to aid debugging if configure makes a mistake.

It was created by configure, which was
generated by GNU Autoconf 2.59.  Invocation command line was

  $ ./configure --prefix=/home/bhundermark/OB15.1.1/AWIPS2_baseline/nativeLib/rary.cots.jepp/

## --------- ##
## Platform. ##
## --------- ##

hostname = dante
uname -m = x86_64
uname -r = 2.6.32-358.el6.x86_64
uname -s = Linux
uname -v = #1 SMP Tue Jan 29 11:47:41 EST 2013

/usr/bin/uname -p = unknown
/bin/uname -X     = unknown

/bin/arch              = x86_64
/usr/bin/arch -k       = unknown
/usr/convex/getsysinfo = unknown
hostinfo               = unknown
/bin/machine           = unknown
/usr/bin/oslevel       = unknown
/bin/universe          = unknown

PATH: /home/bhundermark/awips2/ADE-14.4/python/bin
PATH: /home/bhundermark/awips2/ADE-14.4/apache-ant-1.7.0/bin
PATH: /home/bhundermark/awips2/ADE-14.4/java/bin
PATH: /usr/lib64/qt-3.3/bin
PATH: /usr/local/bin
PATH: /usr/bin
PATH: /bin
PATH: /usr/local/sbin
PATH: /usr/sbin
PATH: /sbin
PATH: /home/bhundermark/bin


## ----------- ##
## Core tests. ##
## ----------- ##

configure:1538: checking for a BSD-compatible install
configure:1593: result: /usr/bin/install -c
configure:1604: checking whether build environment is sane
configure:1647: result: yes
configure:1712: checking for gawk
configure:1728: found /usr/bin/gawk
configure:1738: result: gawk
configure:1748: checking whether make sets $(MAKE)
configure:1768: result: yes
configure:1951: checking build system type
configure:1969: result: x86_64-unknown-linux-gnu
configure:1977: checking host system type
configure:1991: result: x86_64-unknown-linux-gnu
configure:2048: checking for a BSD-compatible install
configure:2103: result: /usr/bin/install -c
configure:2160: checking for gcc
configure:2176: found /usr/bin/gcc
configure:2186: result: gcc
configure:2430: checking for C compiler version
configure:2433: gcc --version </dev/null >&5
gcc (GCC) 4.4.7 20120313 (Red Hat 4.4.7-3)
Copyright (C) 2010 Free Software Foundation, Inc.
This is free software; see the source for copying conditions.  There is NO
warranty; not even for MERCHANTABILITY or FITNESS FOR A PARTICULAR PURPOSE.

configure:2436: $? = 0
configure:2438: gcc -v </dev/null >&5
Using built-in specs.
Target: x86_64-redhat-linux
Configured with: ../configure --prefix=/usr --mandir=/usr/share/man --infodir=/usr/share/info --with-bugurl=http://bugzilla.redhat.com/bugzilla --enable-bootstrap --enable-shared --enable-threads=posix --enable-checking=release --with-system-zlib --enable-__cxa_atexit --disable-libunwind-exceptions --enable-gnu-unique-object --enable-languages=c,c++,objc,obj-c++,java,fortran,ada --enable-java-awt=gtk --disable-dssi --with-java-home=/usr/lib/jvm/java-1.5.0-gcj-1.5.0.0/jre --enable-libgcj-multifile --enable-java-maintainer-mode --with-ecj-jar=/usr/share/java/eclipse-ecj.jar --disable-libjava-multilib --with-ppl --with-cloog --with-tune=generic --with-arch_32=i686 --build=x86_64-redhat-linux
Thread model: posix
gcc version 4.4.7 20120313 (Red Hat 4.4.7-3) (GCC) 
configure:2441: $? = 0
configure:2443: gcc -V </dev/null >&5
gcc: '-V' option must have argument
configure:2446: $? = 1
configure:2469: checking for C compiler default output file name
configure:2472: gcc -m32 -O3 -I/awips2/python/lib/python2.7/site-packages/numpy/core/include  conftest.c  >&5
/usr/bin/ld: crt1.o: No such file: No such file or directory
collect2: ld returned 1 exit status
configure:2475: $? = 1
configure: failed program was:
| /* confdefs.h.  */
| 
| #define PACKAGE_NAME ""
| #define PACKAGE_TARNAME ""
| #define PACKAGE_VERSION ""
| #define PACKAGE_STRING ""
| #define PACKAGE_BUGREPORT ""
| #define PACKAGE "jep"
| #define VERSION "2.3"
| #define USE_DEALLOC 1
| #define USE_MAPPED_EXCEPTIONS 1
| /* end confdefs.h.  */
| 
| int
| main ()
| {
| 
|   ;
|   return 0;
| }
configure:2514: error: C compiler cannot create executables
See `config.log' for more details.

## ---------------- ##
## Cache variables. ##
## ---------------- ##

ac_cv_build=x86_64-unknown-linux-gnu
ac_cv_build_alias=x86_64-unknown-linux-gnu
ac_cv_env_CC_set=
ac_cv_env_CC_value=
ac_cv_env_CFLAGS_set=set
ac_cv_env_CFLAGS_value='-m32 -O3'
ac_cv_env_CPPFLAGS_set=set
ac_cv_env_CPPFLAGS_value=-I/awips2/python/lib/python2.7/site-packages/numpy/core/include
ac_cv_env_CPP_set=
ac_cv_env_CPP_value=
ac_cv_env_CXXCPP_set=
ac_cv_env_CXXCPP_value=
ac_cv_env_CXXFLAGS_set=
ac_cv_env_CXXFLAGS_value=
ac_cv_env_CXX_set=
ac_cv_env_CXX_value=
ac_cv_env_F77_set=
ac_cv_env_F77_value=
ac_cv_env_FFLAGS_set=
ac_cv_env_FFLAGS_value=
ac_cv_env_LDFLAGS_set=
ac_cv_env_LDFLAGS_value=
ac_cv_env_build_alias_set=
ac_cv_env_build_alias_value=
ac_cv_env_host_alias_set=
ac_cv_env_host_alias_value=
ac_cv_env_target_alias_set=
ac_cv_env_target_alias_value=
ac_cv_host=x86_64-unknown-linux-gnu
ac_cv_host_alias=x86_64-unknown-linux-gnu
ac_cv_path_install='/usr/bin/install -c'
ac_cv_prog_AWK=gawk
ac_cv_prog_ac_ct_CC=gcc
ac_cv_prog_make_make_set=yes

## ----------------- ##
## Output variables. ##
## ----------------- ##

ACLOCAL='${SHELL} /home/bhundermark/OB15.1.1/AWIPS2_baseline/nativeLib/rary.cots.jepp/jepp-2.3/missing --run aclocal-1.9'
ALLOCA=''
AMDEPBACKSLASH=''
AMDEP_FALSE=''
AMDEP_TRUE=''
AMTAR='${SHELL} /home/bhundermark/OB15.1.1/AWIPS2_baseline/nativeLib/rary.cots.jepp/jepp-2.3/missing --run tar'
AR=''
AUTOCONF='${SHELL} /home/bhundermark/OB15.1.1/AWIPS2_baseline/nativeLib/rary.cots.jepp/jepp-2.3/missing --run autoconf'
AUTOHEADER='${SHELL} /home/bhundermark/OB15.1.1/AWIPS2_baseline/nativeLib/rary.cots.jepp/jepp-2.3/missing --run autoheader'
AUTOMAKE='${SHELL} /home/bhundermark/OB15.1.1/AWIPS2_baseline/nativeLib/rary.cots.jepp/jepp-2.3/missing --run automake-1.9'
AWK='gawk'
CC='gcc'
CCDEPMODE=''
CFLAGS='-m32 -O3'
CPP=''
CPPFLAGS='-I/awips2/python/lib/python2.7/site-packages/numpy/core/include'
CXX=''
CXXCPP=''
CXXDEPMODE=''
CXXFLAGS=''
CYGPATH_W='echo'
DEFS=''
DEPDIR=''
ECHO='echo'
ECHO_C=''
ECHO_N='-n'
ECHO_T=''
EGREP=''
EXEEXT=''
F77=''
FFLAGS=''
INSTALL_DATA='${INSTALL} -m 644'
INSTALL_PROGRAM='${INSTALL}'
INSTALL_SCRIPT='${INSTALL}'
INSTALL_STRIP_PROGRAM='${SHELL} $(install_sh) -c -s'
ISODATE='2015-02-26'
JAVAC=''
JAVAH=''
JAVAX_SCRIPT_CLASSES=''
JAVA_LDFLAGS=''
JAVA_LIBS=''
LDFLAGS=''
LIBOBJS=''
LIBS=''
LIBTOOL=''
LN_S=''
LTLIBOBJS=''
MAKEINFO='${SHELL} /home/bhundermark/OB15.1.1/AWIPS2_baseline/nativeLib/rary.cots.jepp/jepp-2.3/missing --run makeinfo'
OBJEXT=''
PACKAGE='jep'
PACKAGE_BUGREPORT=''
PACKAGE_NAME=''
PACKAGE_STRING=''
PACKAGE_TARNAME=''
PACKAGE_VERSION=''
PATH_SEPARATOR=':'
PYTHON=''
RANLIB=''
SET_MAKE=''
SHELL='/bin/sh'
STRIP=''
VERSION='2.3'
ac_ct_AR=''
ac_ct_CC='gcc'
ac_ct_CXX=''
ac_ct_F77=''
ac_ct_RANLIB=''
ac_ct_STRIP=''
am__fastdepCC_FALSE=''
am__fastdepCC_TRUE=''
am__fastdepCXX_FALSE=''
am__fastdepCXX_TRUE=''
am__include=''
am__leading_dot='.'
am__quote=''
am__tar='${AMTAR} chof - "$$tardir"'
am__untar='${AMTAR} xf -'
bindir='${exec_prefix}/bin'
build='x86_64-unknown-linux-gnu'
build_alias=''
build_cpu='x86_64'
build_os='linux-gnu'
build_vendor='unknown'
datadir='${prefix}/share'
exec_prefix='NONE'
host='x86_64-unknown-linux-gnu'
host_alias=''
host_cpu='x86_64'
host_os='linux-gnu'
host_vendor='unknown'
includedir='${prefix}/include'
infodir='${prefix}/info'
install_sh='/home/bhundermark/OB15.1.1/AWIPS2_baseline/nativeLib/rary.cots.jepp/jepp-2.3/install-sh'
libdir='${exec_prefix}/lib'
libexecdir='${exec_prefix}/libexec'
localstatedir='${prefix}/var'
mandir='${prefix}/man'
mkdir_p='mkdir -p --'
oldincludedir='/usr/include'
prefix='/home/bhundermark/OB15.1.1/AWIPS2_baseline/nativeLib/rary.cots.jepp/'
program_transform_name='s,x,x,'
python_configdir=''
python_execprefix=''
python_includespec=''
python_libspec=''
python_moduledir=''
python_moduleexecdir=''
python_prefix=''
python_version=''
sbindir='${exec_prefix}/sbin'
sharedstatedir='${prefix}/com'
sysconfdir='${prefix}/etc'
target_alias=''

## ----------- ##
## confdefs.h. ##
## ----------- ##

#define PACKAGE "jep"
#define PACKAGE_BUGREPORT ""
#define PACKAGE_NAME ""
#define PACKAGE_STRING ""
#define PACKAGE_TARNAME ""
#define PACKAGE_VERSION ""
#define USE_DEALLOC 1
#define USE_MAPPED_EXCEPTIONS 1
#define VERSION "2.3"

configure: exit 77
